<?xml version="1.0" encoding="UTF-8"?>
<testsuite xmlns:xsi="http://www.w3.org/2001/XMLSchema-instance" xsi:noNamespaceSchemaLocation="https://maven.apache.org/surefire/maven-surefire-plugin/xsd/surefire-test-report-3.0.xsd" version="3.0" name="org.egov.wf.service.EnrichmentServiceTest" time="0.186" tests="75" errors="0" skipped="0" failures="0">
  <properties>
    <property name="java.specification.version" value="20"/>
    <property name="sun.jnu.encoding" value="UTF-8"/>
    <property name="java.class.path" value="/Users/arindamgupta/a_dir/developer_guide/2025_dev_guide/DIGIT-DEV-ASSIGNMENT/egov-workflow-v2/target/test-classes:/Users/arindamgupta/a_dir/developer_guide/2025_dev_guide/DIGIT-DEV-ASSIGNMENT/egov-workflow-v2/target/classes:/Users/arindamgupta/.m2/repository/org/springframework/boot/spring-boot-starter-jdbc/3.2.2/spring-boot-starter-jdbc-3.2.2.jar:/Users/arindamgupta/.m2/repository/org/springframework/boot/spring-boot-starter/3.2.2/spring-boot-starter-3.2.2.jar:/Users/arindamgupta/.m2/repository/org/springframework/boot/spring-boot/3.2.2/spring-boot-3.2.2.jar:/Users/arindamgupta/.m2/repository/org/springframework/boot/spring-boot-autoconfigure/3.2.2/spring-boot-autoconfigure-3.2.2.jar:/Users/arindamgupta/.m2/repository/org/springframework/boot/spring-boot-starter-logging/3.2.2/spring-boot-starter-logging-3.2.2.jar:/Users/arindamgupta/.m2/repository/org/apache/logging/log4j/log4j-to-slf4j/2.17.1/log4j-to-slf4j-2.17.1.jar:/Users/arindamgupta/.m2/repository/org/apache/logging/log4j/log4j-api/2.17.1/log4j-api-2.17.1.jar:/Users/arindamgupta/.m2/repository/org/slf4j/jul-to-slf4j/2.0.11/jul-to-slf4j-2.0.11.jar:/Users/arindamgupta/.m2/repository/jakarta/annotation/jakarta.annotation-api/2.1.1/jakarta.annotation-api-2.1.1.jar:/Users/arindamgupta/.m2/repository/org/yaml/snakeyaml/2.2/snakeyaml-2.2.jar:/Users/arindamgupta/.m2/repository/com/zaxxer/HikariCP/5.0.1/HikariCP-5.0.1.jar:/Users/arindamgupta/.m2/repository/org/springframework/spring-jdbc/6.1.3/spring-jdbc-6.1.3.jar:/Users/arindamgupta/.m2/repository/org/springframework/spring-beans/6.1.3/spring-beans-6.1.3.jar:/Users/arindamgupta/.m2/repository/org/springframework/spring-tx/6.1.3/spring-tx-6.1.3.jar:/Users/arindamgupta/.m2/repository/org/springframework/boot/spring-boot-starter-test/3.2.2/spring-boot-starter-test-3.2.2.jar:/Users/arindamgupta/.m2/repository/org/springframework/boot/spring-boot-test/3.2.2/spring-boot-test-3.2.2.jar:/Users/arindamgupta/.m2/repository/org/springframework/boot/spring-boot-test-autoconfigure/3.2.2/spring-boot-test-autoconfigure-3.2.2.jar:/Users/arindamgupta/.m2/repository/com/jayway/jsonpath/json-path/2.8.0/json-path-2.8.0.jar:/Users/arindamgupta/.m2/repository/jakarta/xml/bind/jakarta.xml.bind-api/4.0.1/jakarta.xml.bind-api-4.0.1.jar:/Users/arindamgupta/.m2/repository/jakarta/activation/jakarta.activation-api/2.1.2/jakarta.activation-api-2.1.2.jar:/Users/arindamgupta/.m2/repository/net/minidev/json-smart/2.5.0/json-smart-2.5.0.jar:/Users/arindamgupta/.m2/repository/net/minidev/accessors-smart/2.5.0/accessors-smart-2.5.0.jar:/Users/arindamgupta/.m2/repository/org/ow2/asm/asm/9.3/asm-9.3.jar:/Users/arindamgupta/.m2/repository/org/assertj/assertj-core/3.24.2/assertj-core-3.24.2.jar:/Users/arindamgupta/.m2/repository/net/bytebuddy/byte-buddy/1.14.11/byte-buddy-1.14.11.jar:/Users/arindamgupta/.m2/repository/org/awaitility/awaitility/4.2.0/awaitility-4.2.0.jar:/Users/arindamgupta/.m2/repository/org/hamcrest/hamcrest/2.2/hamcrest-2.2.jar:/Users/arindamgupta/.m2/repository/org/junit/jupiter/junit-jupiter/5.10.1/junit-jupiter-5.10.1.jar:/Users/arindamgupta/.m2/repository/org/junit/jupiter/junit-jupiter-api/5.10.1/junit-jupiter-api-5.10.1.jar:/Users/arindamgupta/.m2/repository/org/opentest4j/opentest4j/1.3.0/opentest4j-1.3.0.jar:/Users/arindamgupta/.m2/repository/org/junit/platform/junit-platform-commons/1.10.1/junit-platform-commons-1.10.1.jar:/Users/arindamgupta/.m2/repository/org/apiguardian/apiguardian-api/1.1.2/apiguardian-api-1.1.2.jar:/Users/arindamgupta/.m2/repository/org/junit/jupiter/junit-jupiter-params/5.10.1/junit-jupiter-params-5.10.1.jar:/Users/arindamgupta/.m2/repository/org/junit/jupiter/junit-jupiter-engine/5.10.1/junit-jupiter-engine-5.10.1.jar:/Users/arindamgupta/.m2/repository/org/junit/platform/junit-platform-engine/1.10.1/junit-platform-engine-1.10.1.jar:/Users/arindamgupta/.m2/repository/org/mockito/mockito-core/5.7.0/mockito-core-5.7.0.jar:/Users/arindamgupta/.m2/repository/net/bytebuddy/byte-buddy-agent/1.14.11/byte-buddy-agent-1.14.11.jar:/Users/arindamgupta/.m2/repository/org/objenesis/objenesis/3.3/objenesis-3.3.jar:/Users/arindamgupta/.m2/repository/org/mockito/mockito-junit-jupiter/5.7.0/mockito-junit-jupiter-5.7.0.jar:/Users/arindamgupta/.m2/repository/org/skyscreamer/jsonassert/1.5.1/jsonassert-1.5.1.jar:/Users/arindamgupta/.m2/repository/com/vaadin/external/google/android-json/0.0.20131108.vaadin1/android-json-0.0.20131108.vaadin1.jar:/Users/arindamgupta/.m2/repository/org/springframework/spring-core/6.1.3/spring-core-6.1.3.jar:/Users/arindamgupta/.m2/repository/org/springframework/spring-jcl/6.1.3/spring-jcl-6.1.3.jar:/Users/arindamgupta/.m2/repository/org/springframework/spring-test/6.1.3/spring-test-6.1.3.jar:/Users/arindamgupta/.m2/repository/org/xmlunit/xmlunit-core/2.9.1/xmlunit-core-2.9.1.jar:/Users/arindamgupta/.m2/repository/org/egov/services/tracer/2.9.0-SNAPSHOT/tracer-2.9.0-SNAPSHOT.jar:/Users/arindamgupta/.m2/repository/org/springframework/boot/spring-boot-starter-web/3.2.2/spring-boot-starter-web-3.2.2.jar:/Users/arindamgupta/.m2/repository/org/springframework/boot/spring-boot-starter-json/3.2.2/spring-boot-starter-json-3.2.2.jar:/Users/arindamgupta/.m2/repository/com/fasterxml/jackson/datatype/jackson-datatype-jdk8/2.15.3/jackson-datatype-jdk8-2.15.3.jar:/Users/arindamgupta/.m2/repository/com/fasterxml/jackson/module/jackson-module-parameter-names/2.15.3/jackson-module-parameter-names-2.15.3.jar:/Users/arindamgupta/.m2/repository/org/springframework/boot/spring-boot-starter-tomcat/3.2.2/spring-boot-starter-tomcat-3.2.2.jar:/Users/arindamgupta/.m2/repository/org/apache/tomcat/embed/tomcat-embed-core/10.1.18/tomcat-embed-core-10.1.18.jar:/Users/arindamgupta/.m2/repository/org/apache/tomcat/embed/tomcat-embed-websocket/10.1.18/tomcat-embed-websocket-10.1.18.jar:/Users/arindamgupta/.m2/repository/org/springframework/spring-web/6.1.3/spring-web-6.1.3.jar:/Users/arindamgupta/.m2/repository/org/springframework/spring-webmvc/6.1.3/spring-webmvc-6.1.3.jar:/Users/arindamgupta/.m2/repository/org/springframework/spring-aop/6.1.3/spring-aop-6.1.3.jar:/Users/arindamgupta/.m2/repository/org/springframework/spring-expression/6.1.3/spring-expression-6.1.3.jar:/Users/arindamgupta/.m2/repository/org/springframework/kafka/spring-kafka/3.1.1/spring-kafka-3.1.1.jar:/Users/arindamgupta/.m2/repository/org/springframework/spring-context/6.1.3/spring-context-6.1.3.jar:/Users/arindamgupta/.m2/repository/org/springframework/spring-messaging/6.1.3/spring-messaging-6.1.3.jar:/Users/arindamgupta/.m2/repository/org/springframework/retry/spring-retry/2.0.5/spring-retry-2.0.5.jar:/Users/arindamgupta/.m2/repository/io/micrometer/micrometer-observation/1.12.2/micrometer-observation-1.12.2.jar:/Users/arindamgupta/.m2/repository/io/micrometer/micrometer-commons/1.12.2/micrometer-commons-1.12.2.jar:/Users/arindamgupta/.m2/repository/com/google/code/findbugs/jsr305/3.0.2/jsr305-3.0.2.jar:/Users/arindamgupta/.m2/repository/org/apache/kafka/kafka-clients/3.1.1/kafka-clients-3.1.1.jar:/Users/arindamgupta/.m2/repository/com/github/luben/zstd-jni/1.5.0-4/zstd-jni-1.5.0-4.jar:/Users/arindamgupta/.m2/repository/org/lz4/lz4-java/1.8.0/lz4-java-1.8.0.jar:/Users/arindamgupta/.m2/repository/org/xerial/snappy/snappy-java/1.1.8.4/snappy-java-1.1.8.4.jar:/Users/arindamgupta/.m2/repository/org/aspectj/aspectjweaver/1.9.21/aspectjweaver-1.9.21.jar:/Users/arindamgupta/.m2/repository/org/springframework/boot/spring-boot-starter-actuator/3.2.2/spring-boot-starter-actuator-3.2.2.jar:/Users/arindamgupta/.m2/repository/org/springframework/boot/spring-boot-actuator-autoconfigure/3.2.2/spring-boot-actuator-autoconfigure-3.2.2.jar:/Users/arindamgupta/.m2/repository/org/springframework/boot/spring-boot-actuator/3.2.2/spring-boot-actuator-3.2.2.jar:/Users/arindamgupta/.m2/repository/io/micrometer/micrometer-jakarta9/1.12.2/micrometer-jakarta9-1.12.2.jar:/Users/arindamgupta/.m2/repository/io/micrometer/micrometer-core/1.12.2/micrometer-core-1.12.2.jar:/Users/arindamgupta/.m2/repository/org/hdrhistogram/HdrHistogram/2.1.12/HdrHistogram-2.1.12.jar:/Users/arindamgupta/.m2/repository/org/latencyutils/LatencyUtils/2.0.3/LatencyUtils-2.0.3.jar:/Users/arindamgupta/.m2/repository/io/jaegertracing/jaeger-client/0.31.0/jaeger-client-0.31.0.jar:/Users/arindamgupta/.m2/repository/io/jaegertracing/jaeger-thrift/0.31.0/jaeger-thrift-0.31.0.jar:/Users/arindamgupta/.m2/repository/org/apache/thrift/libthrift/0.11.0/libthrift-0.11.0.jar:/Users/arindamgupta/.m2/repository/org/apache/httpcomponents/httpclient/4.4.1/httpclient-4.4.1.jar:/Users/arindamgupta/.m2/repository/commons-logging/commons-logging/1.2/commons-logging-1.2.jar:/Users/arindamgupta/.m2/repository/commons-codec/commons-codec/1.16.0/commons-codec-1.16.0.jar:/Users/arindamgupta/.m2/repository/org/apache/httpcomponents/httpcore/4.4.16/httpcore-4.4.16.jar:/Users/arindamgupta/.m2/repository/com/squareup/okhttp3/okhttp/4.12.0/okhttp-4.12.0.jar:/Users/arindamgupta/.m2/repository/com/squareup/okio/okio/3.6.0/okio-3.6.0.jar:/Users/arindamgupta/.m2/repository/com/squareup/okio/okio-jvm/3.6.0/okio-jvm-3.6.0.jar:/Users/arindamgupta/.m2/repository/org/jetbrains/kotlin/kotlin-stdlib-common/1.9.22/kotlin-stdlib-common-1.9.22.jar:/Users/arindamgupta/.m2/repository/org/jetbrains/kotlin/kotlin-stdlib-jdk8/1.9.22/kotlin-stdlib-jdk8-1.9.22.jar:/Users/arindamgupta/.m2/repository/org/jetbrains/kotlin/kotlin-stdlib/1.9.22/kotlin-stdlib-1.9.22.jar:/Users/arindamgupta/.m2/repository/org/jetbrains/annotations/13.0/annotations-13.0.jar:/Users/arindamgupta/.m2/repository/org/jetbrains/kotlin/kotlin-stdlib-jdk7/1.9.22/kotlin-stdlib-jdk7-1.9.22.jar:/Users/arindamgupta/.m2/repository/io/jaegertracing/jaeger-core/0.31.0/jaeger-core-0.31.0.jar:/Users/arindamgupta/.m2/repository/io/opentracing/opentracing-api/0.31.0/opentracing-api-0.31.0.jar:/Users/arindamgupta/.m2/repository/io/opentracing/opentracing-util/0.31.0/opentracing-util-0.31.0.jar:/Users/arindamgupta/.m2/repository/io/opentracing/opentracing-noop/0.31.0/opentracing-noop-0.31.0.jar:/Users/arindamgupta/.m2/repository/io/jaegertracing/jaeger-tracerresolver/0.31.0/jaeger-tracerresolver-0.31.0.jar:/Users/arindamgupta/.m2/repository/io/opentracing/contrib/opentracing-tracerresolver/0.1.4/opentracing-tracerresolver-0.1.4.jar:/Users/arindamgupta/.m2/repository/net/logstash/logback/logstash-logback-encoder/5.2/logstash-logback-encoder-5.2.jar:/Users/arindamgupta/.m2/repository/ch/qos/logback/logback-classic/1.4.14/logback-classic-1.4.14.jar:/Users/arindamgupta/.m2/repository/ch/qos/logback/logback-core/1.4.14/logback-core-1.4.14.jar:/Users/arindamgupta/.m2/repository/jakarta/servlet/jakarta.servlet-api/6.0.0/jakarta.servlet-api-6.0.0.jar:/Users/arindamgupta/.m2/repository/org/jsoup/jsoup/1.17.2/jsoup-1.17.2.jar:/Users/arindamgupta/.m2/repository/org/egov/services/services-common/2.9.0-SNAPSHOT/services-common-2.9.0-SNAPSHOT.jar:/Users/arindamgupta/.m2/repository/jakarta/validation/jakarta.validation-api/3.0.2/jakarta.validation-api-3.0.2.jar:/Users/arindamgupta/.m2/repository/io/swagger/swagger-core/1.5.18/swagger-core-1.5.18.jar:/Users/arindamgupta/.m2/repository/org/slf4j/slf4j-api/2.0.11/slf4j-api-2.0.11.jar:/Users/arindamgupta/.m2/repository/com/fasterxml/jackson/core/jackson-annotations/2.15.3/jackson-annotations-2.15.3.jar:/Users/arindamgupta/.m2/repository/com/fasterxml/jackson/core/jackson-databind/2.15.3/jackson-databind-2.15.3.jar:/Users/arindamgupta/.m2/repository/com/fasterxml/jackson/dataformat/jackson-dataformat-yaml/2.15.3/jackson-dataformat-yaml-2.15.3.jar:/Users/arindamgupta/.m2/repository/io/swagger/swagger-models/1.5.18/swagger-models-1.5.18.jar:/Users/arindamgupta/.m2/repository/io/swagger/swagger-annotations/1.5.18/swagger-annotations-1.5.18.jar:/Users/arindamgupta/.m2/repository/com/google/guava/guava/20.0/guava-20.0.jar:/Users/arindamgupta/.m2/repository/javax/validation/validation-api/1.1.0.Final/validation-api-1.1.0.Final.jar:/Users/arindamgupta/.m2/repository/org/flywaydb/flyway-core/9.22.3/flyway-core-9.22.3.jar:/Users/arindamgupta/.m2/repository/com/fasterxml/jackson/dataformat/jackson-dataformat-toml/2.15.3/jackson-dataformat-toml-2.15.3.jar:/Users/arindamgupta/.m2/repository/com/google/code/gson/gson/2.10.1/gson-2.10.1.jar:/Users/arindamgupta/.m2/repository/org/egov/mdms-client/2.9.0-SNAPSHOT/mdms-client-2.9.0-SNAPSHOT.jar:/Users/arindamgupta/.m2/repository/commons-lang/commons-lang/2.6/commons-lang-2.6.jar:/Users/arindamgupta/.m2/repository/org/springframework/boot/spring-boot-devtools/3.2.2/spring-boot-devtools-3.2.2.jar:/Users/arindamgupta/.m2/repository/org/json/json/20160810/json-20160810.jar:/Users/arindamgupta/.m2/repository/org/projectlombok/lombok/1.18.30/lombok-1.18.30.jar:/Users/arindamgupta/.m2/repository/com/fasterxml/jackson/datatype/jackson-datatype-jsr310/2.7.4/jackson-datatype-jsr310-2.7.4.jar:/Users/arindamgupta/.m2/repository/com/fasterxml/jackson/core/jackson-core/2.15.3/jackson-core-2.15.3.jar:/Users/arindamgupta/.m2/repository/org/postgresql/postgresql/42.7.1/postgresql-42.7.1.jar:/Users/arindamgupta/.m2/repository/org/checkerframework/checker-qual/3.41.0/checker-qual-3.41.0.jar:/Users/arindamgupta/.m2/repository/org/springframework/boot/spring-boot-starter-validation/3.2.3/spring-boot-starter-validation-3.2.3.jar:/Users/arindamgupta/.m2/repository/org/apache/tomcat/embed/tomcat-embed-el/10.1.18/tomcat-embed-el-10.1.18.jar:/Users/arindamgupta/.m2/repository/org/hibernate/validator/hibernate-validator/8.0.1.Final/hibernate-validator-8.0.1.Final.jar:/Users/arindamgupta/.m2/repository/org/jboss/logging/jboss-logging/3.5.3.Final/jboss-logging-3.5.3.Final.jar:/Users/arindamgupta/.m2/repository/com/fasterxml/classmate/1.6.0/classmate-1.6.0.jar:/Users/arindamgupta/.m2/repository/org/apache/commons/commons-lang3/3.7/commons-lang3-3.7.jar:/Users/arindamgupta/.m2/repository/org/cache2k/cache2k-spring/2.6.1.Final/cache2k-spring-2.6.1.Final.jar:/Users/arindamgupta/.m2/repository/org/cache2k/cache2k-api/2.6.1.Final/cache2k-api-2.6.1.Final.jar:/Users/arindamgupta/.m2/repository/org/cache2k/cache2k-core/2.6.1.Final/cache2k-core-2.6.1.Final.jar:"/>
    <property name="java.vm.vendor" value="Homebrew"/>
    <property name="sun.arch.data.model" value="64"/>
    <property name="java.vendor.url" value="https://github.com/Homebrew/homebrew-core/issues"/>
    <property name="user.timezone" value="Asia/Kolkata"/>
    <property name="os.name" value="Mac OS X"/>
    <property name="java.vm.specification.version" value="20"/>
    <property name="sun.java.launcher" value="SUN_STANDARD"/>
    <property name="user.country" value="IN"/>
    <property name="sun.boot.library.path" value="/opt/homebrew/Cellar/openjdk/20.0.2/libexec/openjdk.jdk/Contents/Home/lib"/>
    <property name="sun.java.command" value="/Users/arindamgupta/a_dir/developer_guide/2025_dev_guide/DIGIT-DEV-ASSIGNMENT/egov-workflow-v2/target/surefire/surefirebooter-20250116190112185_3.jar /Users/arindamgupta/a_dir/developer_guide/2025_dev_guide/DIGIT-DEV-ASSIGNMENT/egov-workflow-v2/target/surefire 2025-01-16T19-01-12_144-jvmRun1 surefire-20250116190112185_1tmp surefire_0-20250116190112185_2tmp"/>
    <property name="http.nonProxyHosts" value="local|*.local|169.254/16|*.169.254/16"/>
    <property name="jdk.debug" value="release"/>
    <property name="surefire.test.class.path" value="/Users/arindamgupta/a_dir/developer_guide/2025_dev_guide/DIGIT-DEV-ASSIGNMENT/egov-workflow-v2/target/test-classes:/Users/arindamgupta/a_dir/developer_guide/2025_dev_guide/DIGIT-DEV-ASSIGNMENT/egov-workflow-v2/target/classes:/Users/arindamgupta/.m2/repository/org/springframework/boot/spring-boot-starter-jdbc/3.2.2/spring-boot-starter-jdbc-3.2.2.jar:/Users/arindamgupta/.m2/repository/org/springframework/boot/spring-boot-starter/3.2.2/spring-boot-starter-3.2.2.jar:/Users/arindamgupta/.m2/repository/org/springframework/boot/spring-boot/3.2.2/spring-boot-3.2.2.jar:/Users/arindamgupta/.m2/repository/org/springframework/boot/spring-boot-autoconfigure/3.2.2/spring-boot-autoconfigure-3.2.2.jar:/Users/arindamgupta/.m2/repository/org/springframework/boot/spring-boot-starter-logging/3.2.2/spring-boot-starter-logging-3.2.2.jar:/Users/arindamgupta/.m2/repository/org/apache/logging/log4j/log4j-to-slf4j/2.17.1/log4j-to-slf4j-2.17.1.jar:/Users/arindamgupta/.m2/repository/org/apache/logging/log4j/log4j-api/2.17.1/log4j-api-2.17.1.jar:/Users/arindamgupta/.m2/repository/org/slf4j/jul-to-slf4j/2.0.11/jul-to-slf4j-2.0.11.jar:/Users/arindamgupta/.m2/repository/jakarta/annotation/jakarta.annotation-api/2.1.1/jakarta.annotation-api-2.1.1.jar:/Users/arindamgupta/.m2/repository/org/yaml/snakeyaml/2.2/snakeyaml-2.2.jar:/Users/arindamgupta/.m2/repository/com/zaxxer/HikariCP/5.0.1/HikariCP-5.0.1.jar:/Users/arindamgupta/.m2/repository/org/springframework/spring-jdbc/6.1.3/spring-jdbc-6.1.3.jar:/Users/arindamgupta/.m2/repository/org/springframework/spring-beans/6.1.3/spring-beans-6.1.3.jar:/Users/arindamgupta/.m2/repository/org/springframework/spring-tx/6.1.3/spring-tx-6.1.3.jar:/Users/arindamgupta/.m2/repository/org/springframework/boot/spring-boot-starter-test/3.2.2/spring-boot-starter-test-3.2.2.jar:/Users/arindamgupta/.m2/repository/org/springframework/boot/spring-boot-test/3.2.2/spring-boot-test-3.2.2.jar:/Users/arindamgupta/.m2/repository/org/springframework/boot/spring-boot-test-autoconfigure/3.2.2/spring-boot-test-autoconfigure-3.2.2.jar:/Users/arindamgupta/.m2/repository/com/jayway/jsonpath/json-path/2.8.0/json-path-2.8.0.jar:/Users/arindamgupta/.m2/repository/jakarta/xml/bind/jakarta.xml.bind-api/4.0.1/jakarta.xml.bind-api-4.0.1.jar:/Users/arindamgupta/.m2/repository/jakarta/activation/jakarta.activation-api/2.1.2/jakarta.activation-api-2.1.2.jar:/Users/arindamgupta/.m2/repository/net/minidev/json-smart/2.5.0/json-smart-2.5.0.jar:/Users/arindamgupta/.m2/repository/net/minidev/accessors-smart/2.5.0/accessors-smart-2.5.0.jar:/Users/arindamgupta/.m2/repository/org/ow2/asm/asm/9.3/asm-9.3.jar:/Users/arindamgupta/.m2/repository/org/assertj/assertj-core/3.24.2/assertj-core-3.24.2.jar:/Users/arindamgupta/.m2/repository/net/bytebuddy/byte-buddy/1.14.11/byte-buddy-1.14.11.jar:/Users/arindamgupta/.m2/repository/org/awaitility/awaitility/4.2.0/awaitility-4.2.0.jar:/Users/arindamgupta/.m2/repository/org/hamcrest/hamcrest/2.2/hamcrest-2.2.jar:/Users/arindamgupta/.m2/repository/org/junit/jupiter/junit-jupiter/5.10.1/junit-jupiter-5.10.1.jar:/Users/arindamgupta/.m2/repository/org/junit/jupiter/junit-jupiter-api/5.10.1/junit-jupiter-api-5.10.1.jar:/Users/arindamgupta/.m2/repository/org/opentest4j/opentest4j/1.3.0/opentest4j-1.3.0.jar:/Users/arindamgupta/.m2/repository/org/junit/platform/junit-platform-commons/1.10.1/junit-platform-commons-1.10.1.jar:/Users/arindamgupta/.m2/repository/org/apiguardian/apiguardian-api/1.1.2/apiguardian-api-1.1.2.jar:/Users/arindamgupta/.m2/repository/org/junit/jupiter/junit-jupiter-params/5.10.1/junit-jupiter-params-5.10.1.jar:/Users/arindamgupta/.m2/repository/org/junit/jupiter/junit-jupiter-engine/5.10.1/junit-jupiter-engine-5.10.1.jar:/Users/arindamgupta/.m2/repository/org/junit/platform/junit-platform-engine/1.10.1/junit-platform-engine-1.10.1.jar:/Users/arindamgupta/.m2/repository/org/mockito/mockito-core/5.7.0/mockito-core-5.7.0.jar:/Users/arindamgupta/.m2/repository/net/bytebuddy/byte-buddy-agent/1.14.11/byte-buddy-agent-1.14.11.jar:/Users/arindamgupta/.m2/repository/org/objenesis/objenesis/3.3/objenesis-3.3.jar:/Users/arindamgupta/.m2/repository/org/mockito/mockito-junit-jupiter/5.7.0/mockito-junit-jupiter-5.7.0.jar:/Users/arindamgupta/.m2/repository/org/skyscreamer/jsonassert/1.5.1/jsonassert-1.5.1.jar:/Users/arindamgupta/.m2/repository/com/vaadin/external/google/android-json/0.0.20131108.vaadin1/android-json-0.0.20131108.vaadin1.jar:/Users/arindamgupta/.m2/repository/org/springframework/spring-core/6.1.3/spring-core-6.1.3.jar:/Users/arindamgupta/.m2/repository/org/springframework/spring-jcl/6.1.3/spring-jcl-6.1.3.jar:/Users/arindamgupta/.m2/repository/org/springframework/spring-test/6.1.3/spring-test-6.1.3.jar:/Users/arindamgupta/.m2/repository/org/xmlunit/xmlunit-core/2.9.1/xmlunit-core-2.9.1.jar:/Users/arindamgupta/.m2/repository/org/egov/services/tracer/2.9.0-SNAPSHOT/tracer-2.9.0-SNAPSHOT.jar:/Users/arindamgupta/.m2/repository/org/springframework/boot/spring-boot-starter-web/3.2.2/spring-boot-starter-web-3.2.2.jar:/Users/arindamgupta/.m2/repository/org/springframework/boot/spring-boot-starter-json/3.2.2/spring-boot-starter-json-3.2.2.jar:/Users/arindamgupta/.m2/repository/com/fasterxml/jackson/datatype/jackson-datatype-jdk8/2.15.3/jackson-datatype-jdk8-2.15.3.jar:/Users/arindamgupta/.m2/repository/com/fasterxml/jackson/module/jackson-module-parameter-names/2.15.3/jackson-module-parameter-names-2.15.3.jar:/Users/arindamgupta/.m2/repository/org/springframework/boot/spring-boot-starter-tomcat/3.2.2/spring-boot-starter-tomcat-3.2.2.jar:/Users/arindamgupta/.m2/repository/org/apache/tomcat/embed/tomcat-embed-core/10.1.18/tomcat-embed-core-10.1.18.jar:/Users/arindamgupta/.m2/repository/org/apache/tomcat/embed/tomcat-embed-websocket/10.1.18/tomcat-embed-websocket-10.1.18.jar:/Users/arindamgupta/.m2/repository/org/springframework/spring-web/6.1.3/spring-web-6.1.3.jar:/Users/arindamgupta/.m2/repository/org/springframework/spring-webmvc/6.1.3/spring-webmvc-6.1.3.jar:/Users/arindamgupta/.m2/repository/org/springframework/spring-aop/6.1.3/spring-aop-6.1.3.jar:/Users/arindamgupta/.m2/repository/org/springframework/spring-expression/6.1.3/spring-expression-6.1.3.jar:/Users/arindamgupta/.m2/repository/org/springframework/kafka/spring-kafka/3.1.1/spring-kafka-3.1.1.jar:/Users/arindamgupta/.m2/repository/org/springframework/spring-context/6.1.3/spring-context-6.1.3.jar:/Users/arindamgupta/.m2/repository/org/springframework/spring-messaging/6.1.3/spring-messaging-6.1.3.jar:/Users/arindamgupta/.m2/repository/org/springframework/retry/spring-retry/2.0.5/spring-retry-2.0.5.jar:/Users/arindamgupta/.m2/repository/io/micrometer/micrometer-observation/1.12.2/micrometer-observation-1.12.2.jar:/Users/arindamgupta/.m2/repository/io/micrometer/micrometer-commons/1.12.2/micrometer-commons-1.12.2.jar:/Users/arindamgupta/.m2/repository/com/google/code/findbugs/jsr305/3.0.2/jsr305-3.0.2.jar:/Users/arindamgupta/.m2/repository/org/apache/kafka/kafka-clients/3.1.1/kafka-clients-3.1.1.jar:/Users/arindamgupta/.m2/repository/com/github/luben/zstd-jni/1.5.0-4/zstd-jni-1.5.0-4.jar:/Users/arindamgupta/.m2/repository/org/lz4/lz4-java/1.8.0/lz4-java-1.8.0.jar:/Users/arindamgupta/.m2/repository/org/xerial/snappy/snappy-java/1.1.8.4/snappy-java-1.1.8.4.jar:/Users/arindamgupta/.m2/repository/org/aspectj/aspectjweaver/1.9.21/aspectjweaver-1.9.21.jar:/Users/arindamgupta/.m2/repository/org/springframework/boot/spring-boot-starter-actuator/3.2.2/spring-boot-starter-actuator-3.2.2.jar:/Users/arindamgupta/.m2/repository/org/springframework/boot/spring-boot-actuator-autoconfigure/3.2.2/spring-boot-actuator-autoconfigure-3.2.2.jar:/Users/arindamgupta/.m2/repository/org/springframework/boot/spring-boot-actuator/3.2.2/spring-boot-actuator-3.2.2.jar:/Users/arindamgupta/.m2/repository/io/micrometer/micrometer-jakarta9/1.12.2/micrometer-jakarta9-1.12.2.jar:/Users/arindamgupta/.m2/repository/io/micrometer/micrometer-core/1.12.2/micrometer-core-1.12.2.jar:/Users/arindamgupta/.m2/repository/org/hdrhistogram/HdrHistogram/2.1.12/HdrHistogram-2.1.12.jar:/Users/arindamgupta/.m2/repository/org/latencyutils/LatencyUtils/2.0.3/LatencyUtils-2.0.3.jar:/Users/arindamgupta/.m2/repository/io/jaegertracing/jaeger-client/0.31.0/jaeger-client-0.31.0.jar:/Users/arindamgupta/.m2/repository/io/jaegertracing/jaeger-thrift/0.31.0/jaeger-thrift-0.31.0.jar:/Users/arindamgupta/.m2/repository/org/apache/thrift/libthrift/0.11.0/libthrift-0.11.0.jar:/Users/arindamgupta/.m2/repository/org/apache/httpcomponents/httpclient/4.4.1/httpclient-4.4.1.jar:/Users/arindamgupta/.m2/repository/commons-logging/commons-logging/1.2/commons-logging-1.2.jar:/Users/arindamgupta/.m2/repository/commons-codec/commons-codec/1.16.0/commons-codec-1.16.0.jar:/Users/arindamgupta/.m2/repository/org/apache/httpcomponents/httpcore/4.4.16/httpcore-4.4.16.jar:/Users/arindamgupta/.m2/repository/com/squareup/okhttp3/okhttp/4.12.0/okhttp-4.12.0.jar:/Users/arindamgupta/.m2/repository/com/squareup/okio/okio/3.6.0/okio-3.6.0.jar:/Users/arindamgupta/.m2/repository/com/squareup/okio/okio-jvm/3.6.0/okio-jvm-3.6.0.jar:/Users/arindamgupta/.m2/repository/org/jetbrains/kotlin/kotlin-stdlib-common/1.9.22/kotlin-stdlib-common-1.9.22.jar:/Users/arindamgupta/.m2/repository/org/jetbrains/kotlin/kotlin-stdlib-jdk8/1.9.22/kotlin-stdlib-jdk8-1.9.22.jar:/Users/arindamgupta/.m2/repository/org/jetbrains/kotlin/kotlin-stdlib/1.9.22/kotlin-stdlib-1.9.22.jar:/Users/arindamgupta/.m2/repository/org/jetbrains/annotations/13.0/annotations-13.0.jar:/Users/arindamgupta/.m2/repository/org/jetbrains/kotlin/kotlin-stdlib-jdk7/1.9.22/kotlin-stdlib-jdk7-1.9.22.jar:/Users/arindamgupta/.m2/repository/io/jaegertracing/jaeger-core/0.31.0/jaeger-core-0.31.0.jar:/Users/arindamgupta/.m2/repository/io/opentracing/opentracing-api/0.31.0/opentracing-api-0.31.0.jar:/Users/arindamgupta/.m2/repository/io/opentracing/opentracing-util/0.31.0/opentracing-util-0.31.0.jar:/Users/arindamgupta/.m2/repository/io/opentracing/opentracing-noop/0.31.0/opentracing-noop-0.31.0.jar:/Users/arindamgupta/.m2/repository/io/jaegertracing/jaeger-tracerresolver/0.31.0/jaeger-tracerresolver-0.31.0.jar:/Users/arindamgupta/.m2/repository/io/opentracing/contrib/opentracing-tracerresolver/0.1.4/opentracing-tracerresolver-0.1.4.jar:/Users/arindamgupta/.m2/repository/net/logstash/logback/logstash-logback-encoder/5.2/logstash-logback-encoder-5.2.jar:/Users/arindamgupta/.m2/repository/ch/qos/logback/logback-classic/1.4.14/logback-classic-1.4.14.jar:/Users/arindamgupta/.m2/repository/ch/qos/logback/logback-core/1.4.14/logback-core-1.4.14.jar:/Users/arindamgupta/.m2/repository/jakarta/servlet/jakarta.servlet-api/6.0.0/jakarta.servlet-api-6.0.0.jar:/Users/arindamgupta/.m2/repository/org/jsoup/jsoup/1.17.2/jsoup-1.17.2.jar:/Users/arindamgupta/.m2/repository/org/egov/services/services-common/2.9.0-SNAPSHOT/services-common-2.9.0-SNAPSHOT.jar:/Users/arindamgupta/.m2/repository/jakarta/validation/jakarta.validation-api/3.0.2/jakarta.validation-api-3.0.2.jar:/Users/arindamgupta/.m2/repository/io/swagger/swagger-core/1.5.18/swagger-core-1.5.18.jar:/Users/arindamgupta/.m2/repository/org/slf4j/slf4j-api/2.0.11/slf4j-api-2.0.11.jar:/Users/arindamgupta/.m2/repository/com/fasterxml/jackson/core/jackson-annotations/2.15.3/jackson-annotations-2.15.3.jar:/Users/arindamgupta/.m2/repository/com/fasterxml/jackson/core/jackson-databind/2.15.3/jackson-databind-2.15.3.jar:/Users/arindamgupta/.m2/repository/com/fasterxml/jackson/dataformat/jackson-dataformat-yaml/2.15.3/jackson-dataformat-yaml-2.15.3.jar:/Users/arindamgupta/.m2/repository/io/swagger/swagger-models/1.5.18/swagger-models-1.5.18.jar:/Users/arindamgupta/.m2/repository/io/swagger/swagger-annotations/1.5.18/swagger-annotations-1.5.18.jar:/Users/arindamgupta/.m2/repository/com/google/guava/guava/20.0/guava-20.0.jar:/Users/arindamgupta/.m2/repository/javax/validation/validation-api/1.1.0.Final/validation-api-1.1.0.Final.jar:/Users/arindamgupta/.m2/repository/org/flywaydb/flyway-core/9.22.3/flyway-core-9.22.3.jar:/Users/arindamgupta/.m2/repository/com/fasterxml/jackson/dataformat/jackson-dataformat-toml/2.15.3/jackson-dataformat-toml-2.15.3.jar:/Users/arindamgupta/.m2/repository/com/google/code/gson/gson/2.10.1/gson-2.10.1.jar:/Users/arindamgupta/.m2/repository/org/egov/mdms-client/2.9.0-SNAPSHOT/mdms-client-2.9.0-SNAPSHOT.jar:/Users/arindamgupta/.m2/repository/commons-lang/commons-lang/2.6/commons-lang-2.6.jar:/Users/arindamgupta/.m2/repository/org/springframework/boot/spring-boot-devtools/3.2.2/spring-boot-devtools-3.2.2.jar:/Users/arindamgupta/.m2/repository/org/json/json/20160810/json-20160810.jar:/Users/arindamgupta/.m2/repository/org/projectlombok/lombok/1.18.30/lombok-1.18.30.jar:/Users/arindamgupta/.m2/repository/com/fasterxml/jackson/datatype/jackson-datatype-jsr310/2.7.4/jackson-datatype-jsr310-2.7.4.jar:/Users/arindamgupta/.m2/repository/com/fasterxml/jackson/core/jackson-core/2.15.3/jackson-core-2.15.3.jar:/Users/arindamgupta/.m2/repository/org/postgresql/postgresql/42.7.1/postgresql-42.7.1.jar:/Users/arindamgupta/.m2/repository/org/checkerframework/checker-qual/3.41.0/checker-qual-3.41.0.jar:/Users/arindamgupta/.m2/repository/org/springframework/boot/spring-boot-starter-validation/3.2.3/spring-boot-starter-validation-3.2.3.jar:/Users/arindamgupta/.m2/repository/org/apache/tomcat/embed/tomcat-embed-el/10.1.18/tomcat-embed-el-10.1.18.jar:/Users/arindamgupta/.m2/repository/org/hibernate/validator/hibernate-validator/8.0.1.Final/hibernate-validator-8.0.1.Final.jar:/Users/arindamgupta/.m2/repository/org/jboss/logging/jboss-logging/3.5.3.Final/jboss-logging-3.5.3.Final.jar:/Users/arindamgupta/.m2/repository/com/fasterxml/classmate/1.6.0/classmate-1.6.0.jar:/Users/arindamgupta/.m2/repository/org/apache/commons/commons-lang3/3.7/commons-lang3-3.7.jar:/Users/arindamgupta/.m2/repository/org/cache2k/cache2k-spring/2.6.1.Final/cache2k-spring-2.6.1.Final.jar:/Users/arindamgupta/.m2/repository/org/cache2k/cache2k-api/2.6.1.Final/cache2k-api-2.6.1.Final.jar:/Users/arindamgupta/.m2/repository/org/cache2k/cache2k-core/2.6.1.Final/cache2k-core-2.6.1.Final.jar:"/>
    <property name="sun.cpu.endian" value="little"/>
    <property name="user.home" value="/Users/arindamgupta"/>
    <property name="user.language" value="en"/>
    <property name="java.specification.vendor" value="Oracle Corporation"/>
    <property name="java.version.date" value="2023-07-18"/>
    <property name="java.home" value="/opt/homebrew/Cellar/openjdk/20.0.2/libexec/openjdk.jdk/Contents/Home"/>
    <property name="file.separator" value="/"/>
    <property name="basedir" value="/Users/arindamgupta/a_dir/developer_guide/2025_dev_guide/DIGIT-DEV-ASSIGNMENT/egov-workflow-v2"/>
    <property name="java.vm.compressedOopsMode" value="Zero based"/>
    <property name="line.separator" value="&#10;"/>
    <property name="java.vm.specification.vendor" value="Oracle Corporation"/>
    <property name="java.specification.name" value="Java Platform API Specification"/>
    <property name="apple.awt.application.name" value="ForkedBooter"/>
    <property name="surefire.real.class.path" value="/Users/arindamgupta/a_dir/developer_guide/2025_dev_guide/DIGIT-DEV-ASSIGNMENT/egov-workflow-v2/target/surefire/surefirebooter-20250116190112185_3.jar"/>
    <property name="sun.management.compiler" value="HotSpot 64-Bit Tiered Compilers"/>
    <property name="ftp.nonProxyHosts" value="local|*.local|169.254/16|*.169.254/16"/>
    <property name="java.runtime.version" value="20.0.2"/>
    <property name="user.name" value="arindamgupta"/>
    <property name="stdout.encoding" value="UTF-8"/>
    <property name="path.separator" value=":"/>
    <property name="os.version" value="12.1"/>
    <property name="java.runtime.name" value="OpenJDK Runtime Environment"/>
    <property name="file.encoding" value="UTF-8"/>
    <property name="java.vm.name" value="OpenJDK 64-Bit Server VM"/>
    <property name="java.vendor.version" value="Homebrew"/>
    <property name="localRepository" value="/Users/arindamgupta/.m2/repository"/>
    <property name="java.vendor.url.bug" value="https://github.com/Homebrew/homebrew-core/issues"/>
    <property name="java.io.tmpdir" value="/var/folders/f0/qvjxqtr15qlfg6b_f7kxfw140000gn/T/"/>
    <property name="java.version" value="20.0.2"/>
    <property name="user.dir" value="/Users/arindamgupta/a_dir/developer_guide/2025_dev_guide/DIGIT-DEV-ASSIGNMENT/egov-workflow-v2"/>
    <property name="os.arch" value="aarch64"/>
    <property name="java.vm.specification.name" value="Java Virtual Machine Specification"/>
    <property name="native.encoding" value="UTF-8"/>
    <property name="java.library.path" value="/Users/arindamgupta/Library/Java/Extensions:/Library/Java/Extensions:/Network/Library/Java/Extensions:/System/Library/Java/Extensions:/usr/lib/java:."/>
    <property name="java.vm.info" value="mixed mode, sharing"/>
    <property name="stderr.encoding" value="UTF-8"/>
    <property name="java.vendor" value="Homebrew"/>
    <property name="java.vm.version" value="20.0.2"/>
    <property name="sun.io.unicode.encoding" value="UnicodeBig"/>
    <property name="socksNonProxyHosts" value="local|*.local|169.254/16|*.169.254/16"/>
    <property name="java.class.version" value="64.0"/>
  </properties>
  <testcase name="testEnrichUsersFromSearchWithUsersItem" classname="org.egov.wf.service.EnrichmentServiceTest" time="0.001">
    <system-out><![CDATA[19:01:15.391 [main] WARN org.springframework.boot.test.json.DuplicateJsonObjectContextCustomizerFactory$DuplicateJsonObjectContextCustomizer -- 

Found multiple occurrences of org.json.JSONObject on the class path:

	jar:file:/Users/arindamgupta/.m2/repository/com/vaadin/external/google/android-json/0.0.20131108.vaadin1/android-json-0.0.20131108.vaadin1.jar!/org/json/JSONObject.class
	jar:file:/Users/arindamgupta/.m2/repository/org/json/json/20160810/json-20160810.jar!/org/json/JSONObject.class

You may wish to exclude one of them to ensure predictable runtime behavior

]]></system-out>
  </testcase>
  <testcase name="testEnrichCreateBusinessServiceWithList" classname="org.egov.wf.service.EnrichmentServiceTest" time="0.001"/>
  <testcase name="testEnrichCreateBusinessServiceWithNull" classname="org.egov.wf.service.EnrichmentServiceTest" time="0.001"/>
  <testcase name="testEnrichCreateBusinessServiceWithSave" classname="org.egov.wf.service.EnrichmentServiceTest" time="0.001"/>
  <testcase name="testEnrichTenantIdForStateLevelWithBusinessList" classname="org.egov.wf.service.EnrichmentServiceTest" time="0.0"/>
  <testcase name="TestEnrichNextActionForSearchWithUser" classname="org.egov.wf.service.EnrichmentServiceTest" time="0.001"/>
  <testcase name="testEnrichUsersWithCodeError" classname="org.egov.wf.service.EnrichmentServiceTest" time="0.002"/>
  <testcase name="testEnrichNextActionForSearchWithEmpty" classname="org.egov.wf.service.EnrichmentServiceTest" time="0.0"/>
  <testcase name="testEnrichNextActionForSearchWithFalse" classname="org.egov.wf.service.EnrichmentServiceTest" time="0.002"/>
  <testcase name="testEnrichProcessRequestReturnAuditDetails" classname="org.egov.wf.service.EnrichmentServiceTest" time="0.015"/>
  <testcase name="testEnrichTenantIdForStateLevel" classname="org.egov.wf.service.EnrichmentServiceTest" time="0.001"/>
  <testcase name="testFetchStatesToIgnoreFromMdms" classname="org.egov.wf.service.EnrichmentServiceTest" time="0.001"/>
  <testcase name="testEnrichNextActionForSearch15" classname="org.egov.wf.service.EnrichmentServiceTest" time="0.001"/>
  <testcase name="testEnrichUsersFromSearchAddNull" classname="org.egov.wf.service.EnrichmentServiceTest" time="0.0"/>
  <testcase name="testEnrichUpdateBusinessServiceGetAuditDetails" classname="org.egov.wf.service.EnrichmentServiceTest" time="0.001"/>
  <testcase name="testEnrichProcessRequests" classname="org.egov.wf.service.EnrichmentServiceTest" time="0.003"/>
  <testcase name="testEnrichUuidsOfAutoEscalationEmployeesWithStringList" classname="org.egov.wf.service.EnrichmentServiceTest" time="0.001"/>
  <testcase name="TestEnrichUpdateBusinessService" classname="org.egov.wf.service.EnrichmentServiceTest" time="0.001"/>
  <testcase name="testEnrichProcessRequestWithRequestInfoList" classname="org.egov.wf.service.EnrichmentServiceTest" time="0.001"/>
  <testcase name="testEnrichTenantIdForStateLevelWithState" classname="org.egov.wf.service.EnrichmentServiceTest" time="0.016"/>
  <testcase name="testEnrichUsersWithNull" classname="org.egov.wf.service.EnrichmentServiceTest" time="0.001"/>
  <testcase name="testEnrichAndUpdateSlaForSearchWithInstanceList" classname="org.egov.wf.service.EnrichmentServiceTest" time="0.0"/>
  <testcase name="testEnrichUpdateBusinessServiceWithAuditDetails" classname="org.egov.wf.service.EnrichmentServiceTest" time="0.001"/>
  <testcase name="testEnrichProcessRequest" classname="org.egov.wf.service.EnrichmentServiceTest" time="0.001"/>
  <testcase name="testEnrichAndUpdateSlaForSearchWithList" classname="org.egov.wf.service.EnrichmentServiceTest" time="0.0"/>
  <testcase name="testEnrichAndUpdateSlaForSearchWithTime" classname="org.egov.wf.service.EnrichmentServiceTest" time="0.0"/>
  <testcase name="testEnrichAndUpdateSlaForSearchWithTrue" classname="org.egov.wf.service.EnrichmentServiceTest" time="0.0"/>
  <testcase name="testEnrichUpdateBusinessServiceWithBusinessServiceItemNull" classname="org.egov.wf.service.EnrichmentServiceTest" time="0.0"/>
  <testcase name="testEnrichUsersWithProcessInstance" classname="org.egov.wf.service.EnrichmentServiceTest" time="0.002"/>
  <testcase name="testEnrichCreateBusinessServiceWithAuditList" classname="org.egov.wf.service.EnrichmentServiceTest" time="0.001"/>
  <testcase name="testEnrichUpdateBusinessService3" classname="org.egov.wf.service.EnrichmentServiceTest" time="0.001"/>
  <testcase name="testEnrichNextActionForSearchWIthUserInfo" classname="org.egov.wf.service.EnrichmentServiceTest" time="0.0"/>
  <testcase name="testEnrichUsersFromSearchWithNullItem" classname="org.egov.wf.service.EnrichmentServiceTest" time="0.0"/>
  <testcase name="testEnrichNextActionForSearchWithNull" classname="org.egov.wf.service.EnrichmentServiceTest" time="0.001"/>
  <testcase name="testEnrichNextActionForSearchWithTrue" classname="org.egov.wf.service.EnrichmentServiceTest" time="0.001"/>
  <testcase name="testEnrichNextActionForSearchWithUser" classname="org.egov.wf.service.EnrichmentServiceTest" time="0.0"/>
  <testcase name="testEnrichCreateBusinessService" classname="org.egov.wf.service.EnrichmentServiceTest" time="0.0"/>
  <testcase name="testEnrichNextActionForSearchWithTrueUser" classname="org.egov.wf.service.EnrichmentServiceTest" time="0.001"/>
  <testcase name="testEnrichTenantIdForStateLevelStateList" classname="org.egov.wf.service.EnrichmentServiceTest" time="0.001"/>
  <testcase name="testEnrichAndUpdateSlaForSearch" classname="org.egov.wf.service.EnrichmentServiceTest" time="0.0"/>
  <testcase name="testEnrichUsersFromSearchMapUser" classname="org.egov.wf.service.EnrichmentServiceTest" time="0.0"/>
  <testcase name="testEnrichNextActionForSearchWithProcessInstance" classname="org.egov.wf.service.EnrichmentServiceTest" time="0.001"/>
  <testcase name="testEnrichAndUpdateSlaForSearchAddProcessInstance" classname="org.egov.wf.service.EnrichmentServiceTest" time="0.0"/>
  <testcase name="TestEnrichUsers" classname="org.egov.wf.service.EnrichmentServiceTest" time="0.001"/>
  <testcase name="testEnrichNextActionForSearchAddProcessInstance" classname="org.egov.wf.service.EnrichmentServiceTest" time="0.001"/>
  <testcase name="testEnrichProcessRequestWithInstance" classname="org.egov.wf.service.EnrichmentServiceTest" time="0.001"/>
  <testcase name="testEnrichUsersFromSearchWithCodeError" classname="org.egov.wf.service.EnrichmentServiceTest" time="0.0"/>
  <testcase name="EnrichProcessRequest" classname="org.egov.wf.service.EnrichmentServiceTest" time="0.0"/>
  <testcase name="testEnrichUsersFromSearchWithList" classname="org.egov.wf.service.EnrichmentServiceTest" time="0.001"/>
  <testcase name="testEnrichUsersFromSearchWithNull" classname="org.egov.wf.service.EnrichmentServiceTest" time="0.001"/>
  <testcase name="testEnrichUsersTrue" classname="org.egov.wf.service.EnrichmentServiceTest" time="0.001"/>
  <testcase name="testEnrichUsersFromSearch" classname="org.egov.wf.service.EnrichmentServiceTest" time="0.0"/>
  <testcase name="TestEnrichProcessRequest" classname="org.egov.wf.service.EnrichmentServiceTest" time="0.001"/>
  <testcase name="testEnrichUpdateBusinessService" classname="org.egov.wf.service.EnrichmentServiceTest" time="0.001"/>
  <testcase name="testEnrichNextActionForSearch" classname="org.egov.wf.service.EnrichmentServiceTest" time="0.0"/>
  <testcase name="EnrichProcessRequestwithAction" classname="org.egov.wf.service.EnrichmentServiceTest" time="0.001"/>
  <testcase name="testEnrichUpdateBusinessServiceWithUuid" classname="org.egov.wf.service.EnrichmentServiceTest" time="0.001"/>
  <testcase name="testEnrichUpdateBusinessServiceWithCodeError" classname="org.egov.wf.service.EnrichmentServiceTest" time="0.0"/>
  <testcase name="testEnrichUuidsOfAutoEscalationEmployeesWithAutoEscalate" classname="org.egov.wf.service.EnrichmentServiceTest" time="0.0"/>
  <testcase name="testEnrichProcessRequestWithError" classname="org.egov.wf.service.EnrichmentServiceTest" time="0.002"/>
  <testcase name="testEnrichUsers" classname="org.egov.wf.service.EnrichmentServiceTest" time="0.0"/>
  <testcase name="testEnrichProcessRequestWithProcessStateAndActionList" classname="org.egov.wf.service.EnrichmentServiceTest" time="0.001"/>
  <testcase name="testEnrichTenantIdForStateLevelWithTenantId" classname="org.egov.wf.service.EnrichmentServiceTest" time="0.0"/>
  <testcase name="testEnrichTenantIdForStateLevels" classname="org.egov.wf.service.EnrichmentServiceTest" time="0.0"/>
  <testcase name="testEnrichCreateBusinessServiceCodeWithError" classname="org.egov.wf.service.EnrichmentServiceTest" time="0.001"/>
  <testcase name="TestEnrichCreateBusinessServiceWithList" classname="org.egov.wf.service.EnrichmentServiceTest" time="0.001"/>
  <testcase name="testEnrichNextActionForSearchWithCodeNull" classname="org.egov.wf.service.EnrichmentServiceTest" time="0.001">
    <system-out><![CDATA[19:01:15.565 [main] ERROR org.egov.wf.service.EnrichmentService -- Error while creating processStateAndActions
org.egov.tracer.model.CustomException: An error occurred
	at org.egov.wf.service.TransitionService.getProcessStateAndActions(TransitionService.java:49)
	at org.egov.wf.service.EnrichmentService.enrichNextActionForSearch(EnrichmentService.java:208)
	at org.egov.wf.service.EnrichmentServiceTest.testEnrichNextActionForSearchWithCodeNull(EnrichmentServiceTest.java:862)
	at java.base/jdk.internal.reflect.DirectMethodHandleAccessor.invoke(DirectMethodHandleAccessor.java:104)
	at java.base/java.lang.reflect.Method.invoke(Method.java:578)
	at org.junit.platform.commons.util.ReflectionUtils.invokeMethod(ReflectionUtils.java:728)
	at org.junit.jupiter.engine.execution.MethodInvocation.proceed(MethodInvocation.java:60)
	at org.junit.jupiter.engine.execution.InvocationInterceptorChain$ValidatingInvocation.proceed(InvocationInterceptorChain.java:131)
	at org.junit.jupiter.engine.extension.TimeoutExtension.intercept(TimeoutExtension.java:156)
	at org.junit.jupiter.engine.extension.TimeoutExtension.interceptTestableMethod(TimeoutExtension.java:147)
	at org.junit.jupiter.engine.extension.TimeoutExtension.interceptTestMethod(TimeoutExtension.java:86)
	at org.junit.jupiter.engine.execution.InterceptingExecutableInvoker$ReflectiveInterceptorCall.lambda$ofVoidMethod$0(InterceptingExecutableInvoker.java:103)
	at org.junit.jupiter.engine.execution.InterceptingExecutableInvoker.lambda$invoke$0(InterceptingExecutableInvoker.java:93)
	at org.junit.jupiter.engine.execution.InvocationInterceptorChain$InterceptedInvocation.proceed(InvocationInterceptorChain.java:106)
	at org.junit.jupiter.engine.execution.InvocationInterceptorChain.proceed(InvocationInterceptorChain.java:64)
	at org.junit.jupiter.engine.execution.InvocationInterceptorChain.chainAndInvoke(InvocationInterceptorChain.java:45)
	at org.junit.jupiter.engine.execution.InvocationInterceptorChain.invoke(InvocationInterceptorChain.java:37)
	at org.junit.jupiter.engine.execution.InterceptingExecutableInvoker.invoke(InterceptingExecutableInvoker.java:92)
	at org.junit.jupiter.engine.execution.InterceptingExecutableInvoker.invoke(InterceptingExecutableInvoker.java:86)
	at org.junit.jupiter.engine.descriptor.TestMethodTestDescriptor.lambda$invokeTestMethod$7(TestMethodTestDescriptor.java:218)
	at org.junit.platform.engine.support.hierarchical.ThrowableCollector.execute(ThrowableCollector.java:73)
	at org.junit.jupiter.engine.descriptor.TestMethodTestDescriptor.invokeTestMethod(TestMethodTestDescriptor.java:214)
	at org.junit.jupiter.engine.descriptor.TestMethodTestDescriptor.execute(TestMethodTestDescriptor.java:139)
	at org.junit.jupiter.engine.descriptor.TestMethodTestDescriptor.execute(TestMethodTestDescriptor.java:69)
	at org.junit.platform.engine.support.hierarchical.NodeTestTask.lambda$executeRecursively$6(NodeTestTask.java:151)
	at org.junit.platform.engine.support.hierarchical.ThrowableCollector.execute(ThrowableCollector.java:73)
	at org.junit.platform.engine.support.hierarchical.NodeTestTask.lambda$executeRecursively$8(NodeTestTask.java:141)
	at org.junit.platform.engine.support.hierarchical.Node.around(Node.java:137)
	at org.junit.platform.engine.support.hierarchical.NodeTestTask.lambda$executeRecursively$9(NodeTestTask.java:139)
	at org.junit.platform.engine.support.hierarchical.ThrowableCollector.execute(ThrowableCollector.java:73)
	at org.junit.platform.engine.support.hierarchical.NodeTestTask.executeRecursively(NodeTestTask.java:138)
	at org.junit.platform.engine.support.hierarchical.NodeTestTask.execute(NodeTestTask.java:95)
	at java.base/java.util.ArrayList.forEach(ArrayList.java:1511)
	at org.junit.platform.engine.support.hierarchical.SameThreadHierarchicalTestExecutorService.invokeAll(SameThreadHierarchicalTestExecutorService.java:41)
	at org.junit.platform.engine.support.hierarchical.NodeTestTask.lambda$executeRecursively$6(NodeTestTask.java:155)
	at org.junit.platform.engine.support.hierarchical.ThrowableCollector.execute(ThrowableCollector.java:73)
	at org.junit.platform.engine.support.hierarchical.NodeTestTask.lambda$executeRecursively$8(NodeTestTask.java:141)
	at org.junit.platform.engine.support.hierarchical.Node.around(Node.java:137)
	at org.junit.platform.engine.support.hierarchical.NodeTestTask.lambda$executeRecursively$9(NodeTestTask.java:139)
	at org.junit.platform.engine.support.hierarchical.ThrowableCollector.execute(ThrowableCollector.java:73)
	at org.junit.platform.engine.support.hierarchical.NodeTestTask.executeRecursively(NodeTestTask.java:138)
	at org.junit.platform.engine.support.hierarchical.NodeTestTask.execute(NodeTestTask.java:95)
	at java.base/java.util.ArrayList.forEach(ArrayList.java:1511)
	at org.junit.platform.engine.support.hierarchical.SameThreadHierarchicalTestExecutorService.invokeAll(SameThreadHierarchicalTestExecutorService.java:41)
	at org.junit.platform.engine.support.hierarchical.NodeTestTask.lambda$executeRecursively$6(NodeTestTask.java:155)
	at org.junit.platform.engine.support.hierarchical.ThrowableCollector.execute(ThrowableCollector.java:73)
	at org.junit.platform.engine.support.hierarchical.NodeTestTask.lambda$executeRecursively$8(NodeTestTask.java:141)
	at org.junit.platform.engine.support.hierarchical.Node.around(Node.java:137)
	at org.junit.platform.engine.support.hierarchical.NodeTestTask.lambda$executeRecursively$9(NodeTestTask.java:139)
	at org.junit.platform.engine.support.hierarchical.ThrowableCollector.execute(ThrowableCollector.java:73)
	at org.junit.platform.engine.support.hierarchical.NodeTestTask.executeRecursively(NodeTestTask.java:138)
	at org.junit.platform.engine.support.hierarchical.NodeTestTask.execute(NodeTestTask.java:95)
	at org.junit.platform.engine.support.hierarchical.SameThreadHierarchicalTestExecutorService.submit(SameThreadHierarchicalTestExecutorService.java:35)
	at org.junit.platform.engine.support.hierarchical.HierarchicalTestExecutor.execute(HierarchicalTestExecutor.java:57)
	at org.junit.platform.engine.support.hierarchical.HierarchicalTestEngine.execute(HierarchicalTestEngine.java:54)
	at org.junit.platform.launcher.core.EngineExecutionOrchestrator.execute(EngineExecutionOrchestrator.java:198)
	at org.junit.platform.launcher.core.EngineExecutionOrchestrator.execute(EngineExecutionOrchestrator.java:169)
	at org.junit.platform.launcher.core.EngineExecutionOrchestrator.execute(EngineExecutionOrchestrator.java:93)
	at org.junit.platform.launcher.core.EngineExecutionOrchestrator.lambda$execute$0(EngineExecutionOrchestrator.java:58)
	at org.junit.platform.launcher.core.EngineExecutionOrchestrator.withInterceptedStreams(EngineExecutionOrchestrator.java:141)
	at org.junit.platform.launcher.core.EngineExecutionOrchestrator.execute(EngineExecutionOrchestrator.java:57)
	at org.junit.platform.launcher.core.DefaultLauncher.execute(DefaultLauncher.java:103)
	at org.junit.platform.launcher.core.DefaultLauncher.execute(DefaultLauncher.java:85)
	at org.junit.platform.launcher.core.DelegatingLauncher.execute(DelegatingLauncher.java:47)
	at org.apache.maven.surefire.junitplatform.LazyLauncher.execute(LazyLauncher.java:56)
	at org.apache.maven.surefire.junitplatform.JUnitPlatformProvider.execute(JUnitPlatformProvider.java:184)
	at org.apache.maven.surefire.junitplatform.JUnitPlatformProvider.invokeAllTests(JUnitPlatformProvider.java:148)
	at org.apache.maven.surefire.junitplatform.JUnitPlatformProvider.invoke(JUnitPlatformProvider.java:122)
	at org.apache.maven.surefire.booter.ForkedBooter.runSuitesInProcess(ForkedBooter.java:385)
	at org.apache.maven.surefire.booter.ForkedBooter.execute(ForkedBooter.java:162)
	at org.apache.maven.surefire.booter.ForkedBooter.run(ForkedBooter.java:507)
	at org.apache.maven.surefire.booter.ForkedBooter.main(ForkedBooter.java:495)
]]></system-out>
  </testcase>
  <testcase name="testEnrichUserWIthNull" classname="org.egov.wf.service.EnrichmentServiceTest" time="0.001"/>
  <testcase name="testEnrichTenantIdForStateLevelWithAddState" classname="org.egov.wf.service.EnrichmentServiceTest" time="0.001"/>
  <testcase name="TestEnrichCreateBusinessService" classname="org.egov.wf.service.EnrichmentServiceTest" time="0.001"/>
  <testcase name="testEnrichUuidsOfAutoEscalationEmployees" classname="org.egov.wf.service.EnrichmentServiceTest" time="0.0"/>
  <testcase name="testEnrichTenantIdForStateLevelWithStates" classname="org.egov.wf.service.EnrichmentServiceTest" time="0.0"/>
  <testcase name="TestEnrichAndUpdateSlaForSearch" classname="org.egov.wf.service.EnrichmentServiceTest" time="0.0"/>
  <testcase name="testEnrichNextActionForSearchWithStateAction" classname="org.egov.wf.service.EnrichmentServiceTest" time="0.001"/>
  <testcase name="testEnrichProcessRequestWithInvalidUuid" classname="org.egov.wf.service.EnrichmentServiceTest" time="0.002"/>
</testsuite>