<?xml version="1.0" encoding="UTF-8"?>
<testsuite xmlns:xsi="http://www.w3.org/2001/XMLSchema-instance" xsi:noNamespaceSchemaLocation="https://maven.apache.org/surefire/maven-surefire-plugin/xsd/surefire-test-report-3.0.xsd" version="3.0" name="org.egov.wf.repository.querybuilder.WorkflowQueryBuilderTest" time="0.383" tests="97" errors="0" skipped="0" failures="0">
  <properties>
    <property name="java.specification.version" value="20"/>
    <property name="sun.jnu.encoding" value="UTF-8"/>
    <property name="java.class.path" value="/Users/arindamgupta/a_dir/developer_guide/2025_dev_guide/DIGIT-DEV-ASSIGNMENT/egov-workflow-v2/target/test-classes:/Users/arindamgupta/a_dir/developer_guide/2025_dev_guide/DIGIT-DEV-ASSIGNMENT/egov-workflow-v2/target/classes:/Users/arindamgupta/.m2/repository/org/springframework/boot/spring-boot-starter-jdbc/3.2.2/spring-boot-starter-jdbc-3.2.2.jar:/Users/arindamgupta/.m2/repository/org/springframework/boot/spring-boot-starter/3.2.2/spring-boot-starter-3.2.2.jar:/Users/arindamgupta/.m2/repository/org/springframework/boot/spring-boot/3.2.2/spring-boot-3.2.2.jar:/Users/arindamgupta/.m2/repository/org/springframework/boot/spring-boot-autoconfigure/3.2.2/spring-boot-autoconfigure-3.2.2.jar:/Users/arindamgupta/.m2/repository/org/springframework/boot/spring-boot-starter-logging/3.2.2/spring-boot-starter-logging-3.2.2.jar:/Users/arindamgupta/.m2/repository/org/apache/logging/log4j/log4j-to-slf4j/2.17.1/log4j-to-slf4j-2.17.1.jar:/Users/arindamgupta/.m2/repository/org/apache/logging/log4j/log4j-api/2.17.1/log4j-api-2.17.1.jar:/Users/arindamgupta/.m2/repository/org/slf4j/jul-to-slf4j/2.0.11/jul-to-slf4j-2.0.11.jar:/Users/arindamgupta/.m2/repository/jakarta/annotation/jakarta.annotation-api/2.1.1/jakarta.annotation-api-2.1.1.jar:/Users/arindamgupta/.m2/repository/org/yaml/snakeyaml/2.2/snakeyaml-2.2.jar:/Users/arindamgupta/.m2/repository/com/zaxxer/HikariCP/5.0.1/HikariCP-5.0.1.jar:/Users/arindamgupta/.m2/repository/org/springframework/spring-jdbc/6.1.3/spring-jdbc-6.1.3.jar:/Users/arindamgupta/.m2/repository/org/springframework/spring-beans/6.1.3/spring-beans-6.1.3.jar:/Users/arindamgupta/.m2/repository/org/springframework/spring-tx/6.1.3/spring-tx-6.1.3.jar:/Users/arindamgupta/.m2/repository/org/springframework/boot/spring-boot-starter-test/3.2.2/spring-boot-starter-test-3.2.2.jar:/Users/arindamgupta/.m2/repository/org/springframework/boot/spring-boot-test/3.2.2/spring-boot-test-3.2.2.jar:/Users/arindamgupta/.m2/repository/org/springframework/boot/spring-boot-test-autoconfigure/3.2.2/spring-boot-test-autoconfigure-3.2.2.jar:/Users/arindamgupta/.m2/repository/com/jayway/jsonpath/json-path/2.8.0/json-path-2.8.0.jar:/Users/arindamgupta/.m2/repository/jakarta/xml/bind/jakarta.xml.bind-api/4.0.1/jakarta.xml.bind-api-4.0.1.jar:/Users/arindamgupta/.m2/repository/jakarta/activation/jakarta.activation-api/2.1.2/jakarta.activation-api-2.1.2.jar:/Users/arindamgupta/.m2/repository/net/minidev/json-smart/2.5.0/json-smart-2.5.0.jar:/Users/arindamgupta/.m2/repository/net/minidev/accessors-smart/2.5.0/accessors-smart-2.5.0.jar:/Users/arindamgupta/.m2/repository/org/ow2/asm/asm/9.3/asm-9.3.jar:/Users/arindamgupta/.m2/repository/org/assertj/assertj-core/3.24.2/assertj-core-3.24.2.jar:/Users/arindamgupta/.m2/repository/net/bytebuddy/byte-buddy/1.14.11/byte-buddy-1.14.11.jar:/Users/arindamgupta/.m2/repository/org/awaitility/awaitility/4.2.0/awaitility-4.2.0.jar:/Users/arindamgupta/.m2/repository/org/hamcrest/hamcrest/2.2/hamcrest-2.2.jar:/Users/arindamgupta/.m2/repository/org/junit/jupiter/junit-jupiter/5.10.1/junit-jupiter-5.10.1.jar:/Users/arindamgupta/.m2/repository/org/junit/jupiter/junit-jupiter-api/5.10.1/junit-jupiter-api-5.10.1.jar:/Users/arindamgupta/.m2/repository/org/opentest4j/opentest4j/1.3.0/opentest4j-1.3.0.jar:/Users/arindamgupta/.m2/repository/org/junit/platform/junit-platform-commons/1.10.1/junit-platform-commons-1.10.1.jar:/Users/arindamgupta/.m2/repository/org/apiguardian/apiguardian-api/1.1.2/apiguardian-api-1.1.2.jar:/Users/arindamgupta/.m2/repository/org/junit/jupiter/junit-jupiter-params/5.10.1/junit-jupiter-params-5.10.1.jar:/Users/arindamgupta/.m2/repository/org/junit/jupiter/junit-jupiter-engine/5.10.1/junit-jupiter-engine-5.10.1.jar:/Users/arindamgupta/.m2/repository/org/junit/platform/junit-platform-engine/1.10.1/junit-platform-engine-1.10.1.jar:/Users/arindamgupta/.m2/repository/org/mockito/mockito-core/5.7.0/mockito-core-5.7.0.jar:/Users/arindamgupta/.m2/repository/net/bytebuddy/byte-buddy-agent/1.14.11/byte-buddy-agent-1.14.11.jar:/Users/arindamgupta/.m2/repository/org/objenesis/objenesis/3.3/objenesis-3.3.jar:/Users/arindamgupta/.m2/repository/org/mockito/mockito-junit-jupiter/5.7.0/mockito-junit-jupiter-5.7.0.jar:/Users/arindamgupta/.m2/repository/org/skyscreamer/jsonassert/1.5.1/jsonassert-1.5.1.jar:/Users/arindamgupta/.m2/repository/com/vaadin/external/google/android-json/0.0.20131108.vaadin1/android-json-0.0.20131108.vaadin1.jar:/Users/arindamgupta/.m2/repository/org/springframework/spring-core/6.1.3/spring-core-6.1.3.jar:/Users/arindamgupta/.m2/repository/org/springframework/spring-jcl/6.1.3/spring-jcl-6.1.3.jar:/Users/arindamgupta/.m2/repository/org/springframework/spring-test/6.1.3/spring-test-6.1.3.jar:/Users/arindamgupta/.m2/repository/org/xmlunit/xmlunit-core/2.9.1/xmlunit-core-2.9.1.jar:/Users/arindamgupta/.m2/repository/org/egov/services/tracer/2.9.0-SNAPSHOT/tracer-2.9.0-SNAPSHOT.jar:/Users/arindamgupta/.m2/repository/org/springframework/boot/spring-boot-starter-web/3.2.2/spring-boot-starter-web-3.2.2.jar:/Users/arindamgupta/.m2/repository/org/springframework/boot/spring-boot-starter-json/3.2.2/spring-boot-starter-json-3.2.2.jar:/Users/arindamgupta/.m2/repository/com/fasterxml/jackson/datatype/jackson-datatype-jdk8/2.15.3/jackson-datatype-jdk8-2.15.3.jar:/Users/arindamgupta/.m2/repository/com/fasterxml/jackson/module/jackson-module-parameter-names/2.15.3/jackson-module-parameter-names-2.15.3.jar:/Users/arindamgupta/.m2/repository/org/springframework/boot/spring-boot-starter-tomcat/3.2.2/spring-boot-starter-tomcat-3.2.2.jar:/Users/arindamgupta/.m2/repository/org/apache/tomcat/embed/tomcat-embed-core/10.1.18/tomcat-embed-core-10.1.18.jar:/Users/arindamgupta/.m2/repository/org/apache/tomcat/embed/tomcat-embed-websocket/10.1.18/tomcat-embed-websocket-10.1.18.jar:/Users/arindamgupta/.m2/repository/org/springframework/spring-web/6.1.3/spring-web-6.1.3.jar:/Users/arindamgupta/.m2/repository/org/springframework/spring-webmvc/6.1.3/spring-webmvc-6.1.3.jar:/Users/arindamgupta/.m2/repository/org/springframework/spring-aop/6.1.3/spring-aop-6.1.3.jar:/Users/arindamgupta/.m2/repository/org/springframework/spring-expression/6.1.3/spring-expression-6.1.3.jar:/Users/arindamgupta/.m2/repository/org/springframework/kafka/spring-kafka/3.1.1/spring-kafka-3.1.1.jar:/Users/arindamgupta/.m2/repository/org/springframework/spring-context/6.1.3/spring-context-6.1.3.jar:/Users/arindamgupta/.m2/repository/org/springframework/spring-messaging/6.1.3/spring-messaging-6.1.3.jar:/Users/arindamgupta/.m2/repository/org/springframework/retry/spring-retry/2.0.5/spring-retry-2.0.5.jar:/Users/arindamgupta/.m2/repository/io/micrometer/micrometer-observation/1.12.2/micrometer-observation-1.12.2.jar:/Users/arindamgupta/.m2/repository/io/micrometer/micrometer-commons/1.12.2/micrometer-commons-1.12.2.jar:/Users/arindamgupta/.m2/repository/com/google/code/findbugs/jsr305/3.0.2/jsr305-3.0.2.jar:/Users/arindamgupta/.m2/repository/org/apache/kafka/kafka-clients/3.1.1/kafka-clients-3.1.1.jar:/Users/arindamgupta/.m2/repository/com/github/luben/zstd-jni/1.5.0-4/zstd-jni-1.5.0-4.jar:/Users/arindamgupta/.m2/repository/org/lz4/lz4-java/1.8.0/lz4-java-1.8.0.jar:/Users/arindamgupta/.m2/repository/org/xerial/snappy/snappy-java/1.1.8.4/snappy-java-1.1.8.4.jar:/Users/arindamgupta/.m2/repository/org/aspectj/aspectjweaver/1.9.21/aspectjweaver-1.9.21.jar:/Users/arindamgupta/.m2/repository/org/springframework/boot/spring-boot-starter-actuator/3.2.2/spring-boot-starter-actuator-3.2.2.jar:/Users/arindamgupta/.m2/repository/org/springframework/boot/spring-boot-actuator-autoconfigure/3.2.2/spring-boot-actuator-autoconfigure-3.2.2.jar:/Users/arindamgupta/.m2/repository/org/springframework/boot/spring-boot-actuator/3.2.2/spring-boot-actuator-3.2.2.jar:/Users/arindamgupta/.m2/repository/io/micrometer/micrometer-jakarta9/1.12.2/micrometer-jakarta9-1.12.2.jar:/Users/arindamgupta/.m2/repository/io/micrometer/micrometer-core/1.12.2/micrometer-core-1.12.2.jar:/Users/arindamgupta/.m2/repository/org/hdrhistogram/HdrHistogram/2.1.12/HdrHistogram-2.1.12.jar:/Users/arindamgupta/.m2/repository/org/latencyutils/LatencyUtils/2.0.3/LatencyUtils-2.0.3.jar:/Users/arindamgupta/.m2/repository/io/jaegertracing/jaeger-client/0.31.0/jaeger-client-0.31.0.jar:/Users/arindamgupta/.m2/repository/io/jaegertracing/jaeger-thrift/0.31.0/jaeger-thrift-0.31.0.jar:/Users/arindamgupta/.m2/repository/org/apache/thrift/libthrift/0.11.0/libthrift-0.11.0.jar:/Users/arindamgupta/.m2/repository/org/apache/httpcomponents/httpclient/4.4.1/httpclient-4.4.1.jar:/Users/arindamgupta/.m2/repository/commons-logging/commons-logging/1.2/commons-logging-1.2.jar:/Users/arindamgupta/.m2/repository/commons-codec/commons-codec/1.16.0/commons-codec-1.16.0.jar:/Users/arindamgupta/.m2/repository/org/apache/httpcomponents/httpcore/4.4.16/httpcore-4.4.16.jar:/Users/arindamgupta/.m2/repository/com/squareup/okhttp3/okhttp/4.12.0/okhttp-4.12.0.jar:/Users/arindamgupta/.m2/repository/com/squareup/okio/okio/3.6.0/okio-3.6.0.jar:/Users/arindamgupta/.m2/repository/com/squareup/okio/okio-jvm/3.6.0/okio-jvm-3.6.0.jar:/Users/arindamgupta/.m2/repository/org/jetbrains/kotlin/kotlin-stdlib-common/1.9.22/kotlin-stdlib-common-1.9.22.jar:/Users/arindamgupta/.m2/repository/org/jetbrains/kotlin/kotlin-stdlib-jdk8/1.9.22/kotlin-stdlib-jdk8-1.9.22.jar:/Users/arindamgupta/.m2/repository/org/jetbrains/kotlin/kotlin-stdlib/1.9.22/kotlin-stdlib-1.9.22.jar:/Users/arindamgupta/.m2/repository/org/jetbrains/annotations/13.0/annotations-13.0.jar:/Users/arindamgupta/.m2/repository/org/jetbrains/kotlin/kotlin-stdlib-jdk7/1.9.22/kotlin-stdlib-jdk7-1.9.22.jar:/Users/arindamgupta/.m2/repository/io/jaegertracing/jaeger-core/0.31.0/jaeger-core-0.31.0.jar:/Users/arindamgupta/.m2/repository/io/opentracing/opentracing-api/0.31.0/opentracing-api-0.31.0.jar:/Users/arindamgupta/.m2/repository/io/opentracing/opentracing-util/0.31.0/opentracing-util-0.31.0.jar:/Users/arindamgupta/.m2/repository/io/opentracing/opentracing-noop/0.31.0/opentracing-noop-0.31.0.jar:/Users/arindamgupta/.m2/repository/io/jaegertracing/jaeger-tracerresolver/0.31.0/jaeger-tracerresolver-0.31.0.jar:/Users/arindamgupta/.m2/repository/io/opentracing/contrib/opentracing-tracerresolver/0.1.4/opentracing-tracerresolver-0.1.4.jar:/Users/arindamgupta/.m2/repository/net/logstash/logback/logstash-logback-encoder/5.2/logstash-logback-encoder-5.2.jar:/Users/arindamgupta/.m2/repository/ch/qos/logback/logback-classic/1.4.14/logback-classic-1.4.14.jar:/Users/arindamgupta/.m2/repository/ch/qos/logback/logback-core/1.4.14/logback-core-1.4.14.jar:/Users/arindamgupta/.m2/repository/jakarta/servlet/jakarta.servlet-api/6.0.0/jakarta.servlet-api-6.0.0.jar:/Users/arindamgupta/.m2/repository/org/jsoup/jsoup/1.17.2/jsoup-1.17.2.jar:/Users/arindamgupta/.m2/repository/org/egov/services/services-common/2.9.0-SNAPSHOT/services-common-2.9.0-SNAPSHOT.jar:/Users/arindamgupta/.m2/repository/jakarta/validation/jakarta.validation-api/3.0.2/jakarta.validation-api-3.0.2.jar:/Users/arindamgupta/.m2/repository/io/swagger/swagger-core/1.5.18/swagger-core-1.5.18.jar:/Users/arindamgupta/.m2/repository/org/slf4j/slf4j-api/2.0.11/slf4j-api-2.0.11.jar:/Users/arindamgupta/.m2/repository/com/fasterxml/jackson/core/jackson-annotations/2.15.3/jackson-annotations-2.15.3.jar:/Users/arindamgupta/.m2/repository/com/fasterxml/jackson/core/jackson-databind/2.15.3/jackson-databind-2.15.3.jar:/Users/arindamgupta/.m2/repository/com/fasterxml/jackson/dataformat/jackson-dataformat-yaml/2.15.3/jackson-dataformat-yaml-2.15.3.jar:/Users/arindamgupta/.m2/repository/io/swagger/swagger-models/1.5.18/swagger-models-1.5.18.jar:/Users/arindamgupta/.m2/repository/io/swagger/swagger-annotations/1.5.18/swagger-annotations-1.5.18.jar:/Users/arindamgupta/.m2/repository/com/google/guava/guava/20.0/guava-20.0.jar:/Users/arindamgupta/.m2/repository/javax/validation/validation-api/1.1.0.Final/validation-api-1.1.0.Final.jar:/Users/arindamgupta/.m2/repository/org/flywaydb/flyway-core/9.22.3/flyway-core-9.22.3.jar:/Users/arindamgupta/.m2/repository/com/fasterxml/jackson/dataformat/jackson-dataformat-toml/2.15.3/jackson-dataformat-toml-2.15.3.jar:/Users/arindamgupta/.m2/repository/com/google/code/gson/gson/2.10.1/gson-2.10.1.jar:/Users/arindamgupta/.m2/repository/org/egov/mdms-client/2.9.0-SNAPSHOT/mdms-client-2.9.0-SNAPSHOT.jar:/Users/arindamgupta/.m2/repository/commons-lang/commons-lang/2.6/commons-lang-2.6.jar:/Users/arindamgupta/.m2/repository/org/springframework/boot/spring-boot-devtools/3.2.2/spring-boot-devtools-3.2.2.jar:/Users/arindamgupta/.m2/repository/org/json/json/20160810/json-20160810.jar:/Users/arindamgupta/.m2/repository/org/projectlombok/lombok/1.18.30/lombok-1.18.30.jar:/Users/arindamgupta/.m2/repository/com/fasterxml/jackson/datatype/jackson-datatype-jsr310/2.7.4/jackson-datatype-jsr310-2.7.4.jar:/Users/arindamgupta/.m2/repository/com/fasterxml/jackson/core/jackson-core/2.15.3/jackson-core-2.15.3.jar:/Users/arindamgupta/.m2/repository/org/postgresql/postgresql/42.7.1/postgresql-42.7.1.jar:/Users/arindamgupta/.m2/repository/org/checkerframework/checker-qual/3.41.0/checker-qual-3.41.0.jar:/Users/arindamgupta/.m2/repository/org/springframework/boot/spring-boot-starter-validation/3.2.3/spring-boot-starter-validation-3.2.3.jar:/Users/arindamgupta/.m2/repository/org/apache/tomcat/embed/tomcat-embed-el/10.1.18/tomcat-embed-el-10.1.18.jar:/Users/arindamgupta/.m2/repository/org/hibernate/validator/hibernate-validator/8.0.1.Final/hibernate-validator-8.0.1.Final.jar:/Users/arindamgupta/.m2/repository/org/jboss/logging/jboss-logging/3.5.3.Final/jboss-logging-3.5.3.Final.jar:/Users/arindamgupta/.m2/repository/com/fasterxml/classmate/1.6.0/classmate-1.6.0.jar:/Users/arindamgupta/.m2/repository/org/apache/commons/commons-lang3/3.7/commons-lang3-3.7.jar:/Users/arindamgupta/.m2/repository/org/cache2k/cache2k-spring/2.6.1.Final/cache2k-spring-2.6.1.Final.jar:/Users/arindamgupta/.m2/repository/org/cache2k/cache2k-api/2.6.1.Final/cache2k-api-2.6.1.Final.jar:/Users/arindamgupta/.m2/repository/org/cache2k/cache2k-core/2.6.1.Final/cache2k-core-2.6.1.Final.jar:"/>
    <property name="java.vm.vendor" value="Homebrew"/>
    <property name="sun.arch.data.model" value="64"/>
    <property name="java.vendor.url" value="https://github.com/Homebrew/homebrew-core/issues"/>
    <property name="user.timezone" value="Asia/Kolkata"/>
    <property name="os.name" value="Mac OS X"/>
    <property name="java.vm.specification.version" value="20"/>
    <property name="sun.java.launcher" value="SUN_STANDARD"/>
    <property name="user.country" value="IN"/>
    <property name="sun.boot.library.path" value="/opt/homebrew/Cellar/openjdk/20.0.2/libexec/openjdk.jdk/Contents/Home/lib"/>
    <property name="sun.java.command" value="/Users/arindamgupta/a_dir/developer_guide/2025_dev_guide/DIGIT-DEV-ASSIGNMENT/egov-workflow-v2/target/surefire/surefirebooter-20250116190112185_3.jar /Users/arindamgupta/a_dir/developer_guide/2025_dev_guide/DIGIT-DEV-ASSIGNMENT/egov-workflow-v2/target/surefire 2025-01-16T19-01-12_144-jvmRun1 surefire-20250116190112185_1tmp surefire_0-20250116190112185_2tmp"/>
    <property name="http.nonProxyHosts" value="local|*.local|169.254/16|*.169.254/16"/>
    <property name="jdk.debug" value="release"/>
    <property name="surefire.test.class.path" value="/Users/arindamgupta/a_dir/developer_guide/2025_dev_guide/DIGIT-DEV-ASSIGNMENT/egov-workflow-v2/target/test-classes:/Users/arindamgupta/a_dir/developer_guide/2025_dev_guide/DIGIT-DEV-ASSIGNMENT/egov-workflow-v2/target/classes:/Users/arindamgupta/.m2/repository/org/springframework/boot/spring-boot-starter-jdbc/3.2.2/spring-boot-starter-jdbc-3.2.2.jar:/Users/arindamgupta/.m2/repository/org/springframework/boot/spring-boot-starter/3.2.2/spring-boot-starter-3.2.2.jar:/Users/arindamgupta/.m2/repository/org/springframework/boot/spring-boot/3.2.2/spring-boot-3.2.2.jar:/Users/arindamgupta/.m2/repository/org/springframework/boot/spring-boot-autoconfigure/3.2.2/spring-boot-autoconfigure-3.2.2.jar:/Users/arindamgupta/.m2/repository/org/springframework/boot/spring-boot-starter-logging/3.2.2/spring-boot-starter-logging-3.2.2.jar:/Users/arindamgupta/.m2/repository/org/apache/logging/log4j/log4j-to-slf4j/2.17.1/log4j-to-slf4j-2.17.1.jar:/Users/arindamgupta/.m2/repository/org/apache/logging/log4j/log4j-api/2.17.1/log4j-api-2.17.1.jar:/Users/arindamgupta/.m2/repository/org/slf4j/jul-to-slf4j/2.0.11/jul-to-slf4j-2.0.11.jar:/Users/arindamgupta/.m2/repository/jakarta/annotation/jakarta.annotation-api/2.1.1/jakarta.annotation-api-2.1.1.jar:/Users/arindamgupta/.m2/repository/org/yaml/snakeyaml/2.2/snakeyaml-2.2.jar:/Users/arindamgupta/.m2/repository/com/zaxxer/HikariCP/5.0.1/HikariCP-5.0.1.jar:/Users/arindamgupta/.m2/repository/org/springframework/spring-jdbc/6.1.3/spring-jdbc-6.1.3.jar:/Users/arindamgupta/.m2/repository/org/springframework/spring-beans/6.1.3/spring-beans-6.1.3.jar:/Users/arindamgupta/.m2/repository/org/springframework/spring-tx/6.1.3/spring-tx-6.1.3.jar:/Users/arindamgupta/.m2/repository/org/springframework/boot/spring-boot-starter-test/3.2.2/spring-boot-starter-test-3.2.2.jar:/Users/arindamgupta/.m2/repository/org/springframework/boot/spring-boot-test/3.2.2/spring-boot-test-3.2.2.jar:/Users/arindamgupta/.m2/repository/org/springframework/boot/spring-boot-test-autoconfigure/3.2.2/spring-boot-test-autoconfigure-3.2.2.jar:/Users/arindamgupta/.m2/repository/com/jayway/jsonpath/json-path/2.8.0/json-path-2.8.0.jar:/Users/arindamgupta/.m2/repository/jakarta/xml/bind/jakarta.xml.bind-api/4.0.1/jakarta.xml.bind-api-4.0.1.jar:/Users/arindamgupta/.m2/repository/jakarta/activation/jakarta.activation-api/2.1.2/jakarta.activation-api-2.1.2.jar:/Users/arindamgupta/.m2/repository/net/minidev/json-smart/2.5.0/json-smart-2.5.0.jar:/Users/arindamgupta/.m2/repository/net/minidev/accessors-smart/2.5.0/accessors-smart-2.5.0.jar:/Users/arindamgupta/.m2/repository/org/ow2/asm/asm/9.3/asm-9.3.jar:/Users/arindamgupta/.m2/repository/org/assertj/assertj-core/3.24.2/assertj-core-3.24.2.jar:/Users/arindamgupta/.m2/repository/net/bytebuddy/byte-buddy/1.14.11/byte-buddy-1.14.11.jar:/Users/arindamgupta/.m2/repository/org/awaitility/awaitility/4.2.0/awaitility-4.2.0.jar:/Users/arindamgupta/.m2/repository/org/hamcrest/hamcrest/2.2/hamcrest-2.2.jar:/Users/arindamgupta/.m2/repository/org/junit/jupiter/junit-jupiter/5.10.1/junit-jupiter-5.10.1.jar:/Users/arindamgupta/.m2/repository/org/junit/jupiter/junit-jupiter-api/5.10.1/junit-jupiter-api-5.10.1.jar:/Users/arindamgupta/.m2/repository/org/opentest4j/opentest4j/1.3.0/opentest4j-1.3.0.jar:/Users/arindamgupta/.m2/repository/org/junit/platform/junit-platform-commons/1.10.1/junit-platform-commons-1.10.1.jar:/Users/arindamgupta/.m2/repository/org/apiguardian/apiguardian-api/1.1.2/apiguardian-api-1.1.2.jar:/Users/arindamgupta/.m2/repository/org/junit/jupiter/junit-jupiter-params/5.10.1/junit-jupiter-params-5.10.1.jar:/Users/arindamgupta/.m2/repository/org/junit/jupiter/junit-jupiter-engine/5.10.1/junit-jupiter-engine-5.10.1.jar:/Users/arindamgupta/.m2/repository/org/junit/platform/junit-platform-engine/1.10.1/junit-platform-engine-1.10.1.jar:/Users/arindamgupta/.m2/repository/org/mockito/mockito-core/5.7.0/mockito-core-5.7.0.jar:/Users/arindamgupta/.m2/repository/net/bytebuddy/byte-buddy-agent/1.14.11/byte-buddy-agent-1.14.11.jar:/Users/arindamgupta/.m2/repository/org/objenesis/objenesis/3.3/objenesis-3.3.jar:/Users/arindamgupta/.m2/repository/org/mockito/mockito-junit-jupiter/5.7.0/mockito-junit-jupiter-5.7.0.jar:/Users/arindamgupta/.m2/repository/org/skyscreamer/jsonassert/1.5.1/jsonassert-1.5.1.jar:/Users/arindamgupta/.m2/repository/com/vaadin/external/google/android-json/0.0.20131108.vaadin1/android-json-0.0.20131108.vaadin1.jar:/Users/arindamgupta/.m2/repository/org/springframework/spring-core/6.1.3/spring-core-6.1.3.jar:/Users/arindamgupta/.m2/repository/org/springframework/spring-jcl/6.1.3/spring-jcl-6.1.3.jar:/Users/arindamgupta/.m2/repository/org/springframework/spring-test/6.1.3/spring-test-6.1.3.jar:/Users/arindamgupta/.m2/repository/org/xmlunit/xmlunit-core/2.9.1/xmlunit-core-2.9.1.jar:/Users/arindamgupta/.m2/repository/org/egov/services/tracer/2.9.0-SNAPSHOT/tracer-2.9.0-SNAPSHOT.jar:/Users/arindamgupta/.m2/repository/org/springframework/boot/spring-boot-starter-web/3.2.2/spring-boot-starter-web-3.2.2.jar:/Users/arindamgupta/.m2/repository/org/springframework/boot/spring-boot-starter-json/3.2.2/spring-boot-starter-json-3.2.2.jar:/Users/arindamgupta/.m2/repository/com/fasterxml/jackson/datatype/jackson-datatype-jdk8/2.15.3/jackson-datatype-jdk8-2.15.3.jar:/Users/arindamgupta/.m2/repository/com/fasterxml/jackson/module/jackson-module-parameter-names/2.15.3/jackson-module-parameter-names-2.15.3.jar:/Users/arindamgupta/.m2/repository/org/springframework/boot/spring-boot-starter-tomcat/3.2.2/spring-boot-starter-tomcat-3.2.2.jar:/Users/arindamgupta/.m2/repository/org/apache/tomcat/embed/tomcat-embed-core/10.1.18/tomcat-embed-core-10.1.18.jar:/Users/arindamgupta/.m2/repository/org/apache/tomcat/embed/tomcat-embed-websocket/10.1.18/tomcat-embed-websocket-10.1.18.jar:/Users/arindamgupta/.m2/repository/org/springframework/spring-web/6.1.3/spring-web-6.1.3.jar:/Users/arindamgupta/.m2/repository/org/springframework/spring-webmvc/6.1.3/spring-webmvc-6.1.3.jar:/Users/arindamgupta/.m2/repository/org/springframework/spring-aop/6.1.3/spring-aop-6.1.3.jar:/Users/arindamgupta/.m2/repository/org/springframework/spring-expression/6.1.3/spring-expression-6.1.3.jar:/Users/arindamgupta/.m2/repository/org/springframework/kafka/spring-kafka/3.1.1/spring-kafka-3.1.1.jar:/Users/arindamgupta/.m2/repository/org/springframework/spring-context/6.1.3/spring-context-6.1.3.jar:/Users/arindamgupta/.m2/repository/org/springframework/spring-messaging/6.1.3/spring-messaging-6.1.3.jar:/Users/arindamgupta/.m2/repository/org/springframework/retry/spring-retry/2.0.5/spring-retry-2.0.5.jar:/Users/arindamgupta/.m2/repository/io/micrometer/micrometer-observation/1.12.2/micrometer-observation-1.12.2.jar:/Users/arindamgupta/.m2/repository/io/micrometer/micrometer-commons/1.12.2/micrometer-commons-1.12.2.jar:/Users/arindamgupta/.m2/repository/com/google/code/findbugs/jsr305/3.0.2/jsr305-3.0.2.jar:/Users/arindamgupta/.m2/repository/org/apache/kafka/kafka-clients/3.1.1/kafka-clients-3.1.1.jar:/Users/arindamgupta/.m2/repository/com/github/luben/zstd-jni/1.5.0-4/zstd-jni-1.5.0-4.jar:/Users/arindamgupta/.m2/repository/org/lz4/lz4-java/1.8.0/lz4-java-1.8.0.jar:/Users/arindamgupta/.m2/repository/org/xerial/snappy/snappy-java/1.1.8.4/snappy-java-1.1.8.4.jar:/Users/arindamgupta/.m2/repository/org/aspectj/aspectjweaver/1.9.21/aspectjweaver-1.9.21.jar:/Users/arindamgupta/.m2/repository/org/springframework/boot/spring-boot-starter-actuator/3.2.2/spring-boot-starter-actuator-3.2.2.jar:/Users/arindamgupta/.m2/repository/org/springframework/boot/spring-boot-actuator-autoconfigure/3.2.2/spring-boot-actuator-autoconfigure-3.2.2.jar:/Users/arindamgupta/.m2/repository/org/springframework/boot/spring-boot-actuator/3.2.2/spring-boot-actuator-3.2.2.jar:/Users/arindamgupta/.m2/repository/io/micrometer/micrometer-jakarta9/1.12.2/micrometer-jakarta9-1.12.2.jar:/Users/arindamgupta/.m2/repository/io/micrometer/micrometer-core/1.12.2/micrometer-core-1.12.2.jar:/Users/arindamgupta/.m2/repository/org/hdrhistogram/HdrHistogram/2.1.12/HdrHistogram-2.1.12.jar:/Users/arindamgupta/.m2/repository/org/latencyutils/LatencyUtils/2.0.3/LatencyUtils-2.0.3.jar:/Users/arindamgupta/.m2/repository/io/jaegertracing/jaeger-client/0.31.0/jaeger-client-0.31.0.jar:/Users/arindamgupta/.m2/repository/io/jaegertracing/jaeger-thrift/0.31.0/jaeger-thrift-0.31.0.jar:/Users/arindamgupta/.m2/repository/org/apache/thrift/libthrift/0.11.0/libthrift-0.11.0.jar:/Users/arindamgupta/.m2/repository/org/apache/httpcomponents/httpclient/4.4.1/httpclient-4.4.1.jar:/Users/arindamgupta/.m2/repository/commons-logging/commons-logging/1.2/commons-logging-1.2.jar:/Users/arindamgupta/.m2/repository/commons-codec/commons-codec/1.16.0/commons-codec-1.16.0.jar:/Users/arindamgupta/.m2/repository/org/apache/httpcomponents/httpcore/4.4.16/httpcore-4.4.16.jar:/Users/arindamgupta/.m2/repository/com/squareup/okhttp3/okhttp/4.12.0/okhttp-4.12.0.jar:/Users/arindamgupta/.m2/repository/com/squareup/okio/okio/3.6.0/okio-3.6.0.jar:/Users/arindamgupta/.m2/repository/com/squareup/okio/okio-jvm/3.6.0/okio-jvm-3.6.0.jar:/Users/arindamgupta/.m2/repository/org/jetbrains/kotlin/kotlin-stdlib-common/1.9.22/kotlin-stdlib-common-1.9.22.jar:/Users/arindamgupta/.m2/repository/org/jetbrains/kotlin/kotlin-stdlib-jdk8/1.9.22/kotlin-stdlib-jdk8-1.9.22.jar:/Users/arindamgupta/.m2/repository/org/jetbrains/kotlin/kotlin-stdlib/1.9.22/kotlin-stdlib-1.9.22.jar:/Users/arindamgupta/.m2/repository/org/jetbrains/annotations/13.0/annotations-13.0.jar:/Users/arindamgupta/.m2/repository/org/jetbrains/kotlin/kotlin-stdlib-jdk7/1.9.22/kotlin-stdlib-jdk7-1.9.22.jar:/Users/arindamgupta/.m2/repository/io/jaegertracing/jaeger-core/0.31.0/jaeger-core-0.31.0.jar:/Users/arindamgupta/.m2/repository/io/opentracing/opentracing-api/0.31.0/opentracing-api-0.31.0.jar:/Users/arindamgupta/.m2/repository/io/opentracing/opentracing-util/0.31.0/opentracing-util-0.31.0.jar:/Users/arindamgupta/.m2/repository/io/opentracing/opentracing-noop/0.31.0/opentracing-noop-0.31.0.jar:/Users/arindamgupta/.m2/repository/io/jaegertracing/jaeger-tracerresolver/0.31.0/jaeger-tracerresolver-0.31.0.jar:/Users/arindamgupta/.m2/repository/io/opentracing/contrib/opentracing-tracerresolver/0.1.4/opentracing-tracerresolver-0.1.4.jar:/Users/arindamgupta/.m2/repository/net/logstash/logback/logstash-logback-encoder/5.2/logstash-logback-encoder-5.2.jar:/Users/arindamgupta/.m2/repository/ch/qos/logback/logback-classic/1.4.14/logback-classic-1.4.14.jar:/Users/arindamgupta/.m2/repository/ch/qos/logback/logback-core/1.4.14/logback-core-1.4.14.jar:/Users/arindamgupta/.m2/repository/jakarta/servlet/jakarta.servlet-api/6.0.0/jakarta.servlet-api-6.0.0.jar:/Users/arindamgupta/.m2/repository/org/jsoup/jsoup/1.17.2/jsoup-1.17.2.jar:/Users/arindamgupta/.m2/repository/org/egov/services/services-common/2.9.0-SNAPSHOT/services-common-2.9.0-SNAPSHOT.jar:/Users/arindamgupta/.m2/repository/jakarta/validation/jakarta.validation-api/3.0.2/jakarta.validation-api-3.0.2.jar:/Users/arindamgupta/.m2/repository/io/swagger/swagger-core/1.5.18/swagger-core-1.5.18.jar:/Users/arindamgupta/.m2/repository/org/slf4j/slf4j-api/2.0.11/slf4j-api-2.0.11.jar:/Users/arindamgupta/.m2/repository/com/fasterxml/jackson/core/jackson-annotations/2.15.3/jackson-annotations-2.15.3.jar:/Users/arindamgupta/.m2/repository/com/fasterxml/jackson/core/jackson-databind/2.15.3/jackson-databind-2.15.3.jar:/Users/arindamgupta/.m2/repository/com/fasterxml/jackson/dataformat/jackson-dataformat-yaml/2.15.3/jackson-dataformat-yaml-2.15.3.jar:/Users/arindamgupta/.m2/repository/io/swagger/swagger-models/1.5.18/swagger-models-1.5.18.jar:/Users/arindamgupta/.m2/repository/io/swagger/swagger-annotations/1.5.18/swagger-annotations-1.5.18.jar:/Users/arindamgupta/.m2/repository/com/google/guava/guava/20.0/guava-20.0.jar:/Users/arindamgupta/.m2/repository/javax/validation/validation-api/1.1.0.Final/validation-api-1.1.0.Final.jar:/Users/arindamgupta/.m2/repository/org/flywaydb/flyway-core/9.22.3/flyway-core-9.22.3.jar:/Users/arindamgupta/.m2/repository/com/fasterxml/jackson/dataformat/jackson-dataformat-toml/2.15.3/jackson-dataformat-toml-2.15.3.jar:/Users/arindamgupta/.m2/repository/com/google/code/gson/gson/2.10.1/gson-2.10.1.jar:/Users/arindamgupta/.m2/repository/org/egov/mdms-client/2.9.0-SNAPSHOT/mdms-client-2.9.0-SNAPSHOT.jar:/Users/arindamgupta/.m2/repository/commons-lang/commons-lang/2.6/commons-lang-2.6.jar:/Users/arindamgupta/.m2/repository/org/springframework/boot/spring-boot-devtools/3.2.2/spring-boot-devtools-3.2.2.jar:/Users/arindamgupta/.m2/repository/org/json/json/20160810/json-20160810.jar:/Users/arindamgupta/.m2/repository/org/projectlombok/lombok/1.18.30/lombok-1.18.30.jar:/Users/arindamgupta/.m2/repository/com/fasterxml/jackson/datatype/jackson-datatype-jsr310/2.7.4/jackson-datatype-jsr310-2.7.4.jar:/Users/arindamgupta/.m2/repository/com/fasterxml/jackson/core/jackson-core/2.15.3/jackson-core-2.15.3.jar:/Users/arindamgupta/.m2/repository/org/postgresql/postgresql/42.7.1/postgresql-42.7.1.jar:/Users/arindamgupta/.m2/repository/org/checkerframework/checker-qual/3.41.0/checker-qual-3.41.0.jar:/Users/arindamgupta/.m2/repository/org/springframework/boot/spring-boot-starter-validation/3.2.3/spring-boot-starter-validation-3.2.3.jar:/Users/arindamgupta/.m2/repository/org/apache/tomcat/embed/tomcat-embed-el/10.1.18/tomcat-embed-el-10.1.18.jar:/Users/arindamgupta/.m2/repository/org/hibernate/validator/hibernate-validator/8.0.1.Final/hibernate-validator-8.0.1.Final.jar:/Users/arindamgupta/.m2/repository/org/jboss/logging/jboss-logging/3.5.3.Final/jboss-logging-3.5.3.Final.jar:/Users/arindamgupta/.m2/repository/com/fasterxml/classmate/1.6.0/classmate-1.6.0.jar:/Users/arindamgupta/.m2/repository/org/apache/commons/commons-lang3/3.7/commons-lang3-3.7.jar:/Users/arindamgupta/.m2/repository/org/cache2k/cache2k-spring/2.6.1.Final/cache2k-spring-2.6.1.Final.jar:/Users/arindamgupta/.m2/repository/org/cache2k/cache2k-api/2.6.1.Final/cache2k-api-2.6.1.Final.jar:/Users/arindamgupta/.m2/repository/org/cache2k/cache2k-core/2.6.1.Final/cache2k-core-2.6.1.Final.jar:"/>
    <property name="sun.cpu.endian" value="little"/>
    <property name="user.home" value="/Users/arindamgupta"/>
    <property name="user.language" value="en"/>
    <property name="java.specification.vendor" value="Oracle Corporation"/>
    <property name="java.version.date" value="2023-07-18"/>
    <property name="java.home" value="/opt/homebrew/Cellar/openjdk/20.0.2/libexec/openjdk.jdk/Contents/Home"/>
    <property name="file.separator" value="/"/>
    <property name="basedir" value="/Users/arindamgupta/a_dir/developer_guide/2025_dev_guide/DIGIT-DEV-ASSIGNMENT/egov-workflow-v2"/>
    <property name="java.vm.compressedOopsMode" value="Zero based"/>
    <property name="line.separator" value="&#10;"/>
    <property name="java.vm.specification.vendor" value="Oracle Corporation"/>
    <property name="java.specification.name" value="Java Platform API Specification"/>
    <property name="apple.awt.application.name" value="ForkedBooter"/>
    <property name="surefire.real.class.path" value="/Users/arindamgupta/a_dir/developer_guide/2025_dev_guide/DIGIT-DEV-ASSIGNMENT/egov-workflow-v2/target/surefire/surefirebooter-20250116190112185_3.jar"/>
    <property name="sun.management.compiler" value="HotSpot 64-Bit Tiered Compilers"/>
    <property name="ftp.nonProxyHosts" value="local|*.local|169.254/16|*.169.254/16"/>
    <property name="java.runtime.version" value="20.0.2"/>
    <property name="user.name" value="arindamgupta"/>
    <property name="stdout.encoding" value="UTF-8"/>
    <property name="path.separator" value=":"/>
    <property name="os.version" value="12.1"/>
    <property name="java.runtime.name" value="OpenJDK Runtime Environment"/>
    <property name="file.encoding" value="UTF-8"/>
    <property name="java.vm.name" value="OpenJDK 64-Bit Server VM"/>
    <property name="java.vendor.version" value="Homebrew"/>
    <property name="localRepository" value="/Users/arindamgupta/.m2/repository"/>
    <property name="java.vendor.url.bug" value="https://github.com/Homebrew/homebrew-core/issues"/>
    <property name="java.io.tmpdir" value="/var/folders/f0/qvjxqtr15qlfg6b_f7kxfw140000gn/T/"/>
    <property name="java.version" value="20.0.2"/>
    <property name="user.dir" value="/Users/arindamgupta/a_dir/developer_guide/2025_dev_guide/DIGIT-DEV-ASSIGNMENT/egov-workflow-v2"/>
    <property name="os.arch" value="aarch64"/>
    <property name="java.vm.specification.name" value="Java Virtual Machine Specification"/>
    <property name="native.encoding" value="UTF-8"/>
    <property name="java.library.path" value="/Users/arindamgupta/Library/Java/Extensions:/Library/Java/Extensions:/Network/Library/Java/Extensions:/System/Library/Java/Extensions:/usr/lib/java:."/>
    <property name="java.vm.info" value="mixed mode, sharing"/>
    <property name="stderr.encoding" value="UTF-8"/>
    <property name="java.vendor" value="Homebrew"/>
    <property name="java.vm.version" value="20.0.2"/>
    <property name="sun.io.unicode.encoding" value="UnicodeBig"/>
    <property name="socksNonProxyHosts" value="local|*.local|169.254/16|*.169.254/16"/>
    <property name="java.class.version" value="64.0"/>
  </properties>
  <testcase name="testGetInboxCount10" classname="org.egov.wf.repository.querybuilder.WorkflowQueryBuilderTest" time="0.075"/>
  <testcase name="testGetAutoEscalatedApplicationsFinalQuery11" classname="org.egov.wf.repository.querybuilder.WorkflowQueryBuilderTest" time="0.045"/>
  <testcase name="testGetAutoEscalatedApplicationsFinalQuery12" classname="org.egov.wf.repository.querybuilder.WorkflowQueryBuilderTest" time="0.006"/>
  <testcase name="testGetAutoEscalatedApplicationsFinalQuery14" classname="org.egov.wf.repository.querybuilder.WorkflowQueryBuilderTest" time="0.004"/>
  <testcase name="testGetAutoEscalatedApplicationsFinalQuery15" classname="org.egov.wf.repository.querybuilder.WorkflowQueryBuilderTest" time="0.004"/>
  <testcase name="testGetAutoEscalatedApplicationsFinalQuery16" classname="org.egov.wf.repository.querybuilder.WorkflowQueryBuilderTest" time="0.004"/>
  <testcase name="testGetAutoEscalatedApplicationsFinalQuery17" classname="org.egov.wf.repository.querybuilder.WorkflowQueryBuilderTest" time="0.004"/>
  <testcase name="testGetAutoEscalatedApplicationsFinalQuery18" classname="org.egov.wf.repository.querybuilder.WorkflowQueryBuilderTest" time="0.003"/>
  <testcase name="testGetEscalatedApplicationsCount3" classname="org.egov.wf.repository.querybuilder.WorkflowQueryBuilderTest" time="0.0"/>
  <testcase name="testGetEscalatedApplicationsCount5" classname="org.egov.wf.repository.querybuilder.WorkflowQueryBuilderTest" time="0.001"/>
  <testcase name="testGetEscalatedApplicationsCount6" classname="org.egov.wf.repository.querybuilder.WorkflowQueryBuilderTest" time="0.001"/>
  <testcase name="testGetEscalatedApplicationsCount8" classname="org.egov.wf.repository.querybuilder.WorkflowQueryBuilderTest" time="0.004"/>
  <testcase name="testGetEscalatedApplicationsCount9" classname="org.egov.wf.repository.querybuilder.WorkflowQueryBuilderTest" time="0.004"/>
  <testcase name="testGetInboxCount2" classname="org.egov.wf.repository.querybuilder.WorkflowQueryBuilderTest" time="0.03"/>
  <testcase name="testGetInboxCount3" classname="org.egov.wf.repository.querybuilder.WorkflowQueryBuilderTest" time="0.004"/>
  <testcase name="testGetInboxCount4" classname="org.egov.wf.repository.querybuilder.WorkflowQueryBuilderTest" time="0.003"/>
  <testcase name="testGetInboxCount5" classname="org.egov.wf.repository.querybuilder.WorkflowQueryBuilderTest" time="0.003"/>
  <testcase name="testGetInboxCount6" classname="org.egov.wf.repository.querybuilder.WorkflowQueryBuilderTest" time="0.003"/>
  <testcase name="testGetInboxCount7" classname="org.egov.wf.repository.querybuilder.WorkflowQueryBuilderTest" time="0.003"/>
  <testcase name="testGetAutoEscalatedApplicationsFinalQuery3" classname="org.egov.wf.repository.querybuilder.WorkflowQueryBuilderTest" time="0.001"/>
  <testcase name="testGetAutoEscalatedApplicationsFinalQuery5" classname="org.egov.wf.repository.querybuilder.WorkflowQueryBuilderTest" time="0.001"/>
  <testcase name="testGetAutoEscalatedApplicationsFinalQuery6" classname="org.egov.wf.repository.querybuilder.WorkflowQueryBuilderTest" time="0.0"/>
  <testcase name="testGetAutoEscalatedApplicationsFinalQuery8" classname="org.egov.wf.repository.querybuilder.WorkflowQueryBuilderTest" time="0.003"/>
  <testcase name="testGetAutoEscalatedApplicationsFinalQuery9" classname="org.egov.wf.repository.querybuilder.WorkflowQueryBuilderTest" time="0.003"/>
  <testcase name="testGetProcessInstanceCount" classname="org.egov.wf.repository.querybuilder.WorkflowQueryBuilderTest" time="0.001"/>
  <testcase name="testGetProcessInstanceIds10" classname="org.egov.wf.repository.querybuilder.WorkflowQueryBuilderTest" time="0.004"/>
  <testcase name="testGetProcessInstanceIds11" classname="org.egov.wf.repository.querybuilder.WorkflowQueryBuilderTest" time="0.004"/>
  <testcase name="testGetProcessInstanceIds12" classname="org.egov.wf.repository.querybuilder.WorkflowQueryBuilderTest" time="0.004"/>
  <testcase name="testGetProcessInstanceIds13" classname="org.egov.wf.repository.querybuilder.WorkflowQueryBuilderTest" time="0.003"/>
  <testcase name="testGetProcessInstanceIds14" classname="org.egov.wf.repository.querybuilder.WorkflowQueryBuilderTest" time="0.004"/>
  <testcase name="testGetProcessInstanceIds15" classname="org.egov.wf.repository.querybuilder.WorkflowQueryBuilderTest" time="0.004"/>
  <testcase name="testGetProcessInstanceIds16" classname="org.egov.wf.repository.querybuilder.WorkflowQueryBuilderTest" time="0.004"/>
  <testcase name="testGetProcessInstanceIds17" classname="org.egov.wf.repository.querybuilder.WorkflowQueryBuilderTest" time="0.006"/>
  <testcase name="testGetProcessInstanceIds18" classname="org.egov.wf.repository.querybuilder.WorkflowQueryBuilderTest" time="0.004"/>
  <testcase name="testGetInboxIdCount" classname="org.egov.wf.repository.querybuilder.WorkflowQueryBuilderTest" time="0.001"/>
  <testcase name="testGetEscalatedApplicationsCount11" classname="org.egov.wf.repository.querybuilder.WorkflowQueryBuilderTest" time="0.003"/>
  <testcase name="testGetEscalatedApplicationsCount12" classname="org.egov.wf.repository.querybuilder.WorkflowQueryBuilderTest" time="0.003"/>
  <testcase name="testGetEscalatedApplicationsCount14" classname="org.egov.wf.repository.querybuilder.WorkflowQueryBuilderTest" time="0.002"/>
  <testcase name="testGetEscalatedApplicationsCount15" classname="org.egov.wf.repository.querybuilder.WorkflowQueryBuilderTest" time="0.003"/>
  <testcase name="testGetEscalatedApplicationsCount16" classname="org.egov.wf.repository.querybuilder.WorkflowQueryBuilderTest" time="0.003"/>
  <testcase name="testGetEscalatedApplicationsCount17" classname="org.egov.wf.repository.querybuilder.WorkflowQueryBuilderTest" time="0.003"/>
  <testcase name="testGetEscalatedApplicationsCount18" classname="org.egov.wf.repository.querybuilder.WorkflowQueryBuilderTest" time="0.002"/>
  <testcase name="testGetAutoEscalatedApplicationsRankedQuery" classname="org.egov.wf.repository.querybuilder.WorkflowQueryBuilderTest" time="0.0"/>
  <testcase name="testGetInboxCount" classname="org.egov.wf.repository.querybuilder.WorkflowQueryBuilderTest" time="0.0"/>
  <testcase name="testGetInboxIdCount2" classname="org.egov.wf.repository.querybuilder.WorkflowQueryBuilderTest" time="0.001"/>
  <testcase name="testGetInboxIdCount3" classname="org.egov.wf.repository.querybuilder.WorkflowQueryBuilderTest" time="0.002"/>
  <testcase name="testGetInboxIdCount4" classname="org.egov.wf.repository.querybuilder.WorkflowQueryBuilderTest" time="0.002"/>
  <testcase name="testGetInboxIdCount5" classname="org.egov.wf.repository.querybuilder.WorkflowQueryBuilderTest" time="0.003"/>
  <testcase name="testGetInboxIdCount6" classname="org.egov.wf.repository.querybuilder.WorkflowQueryBuilderTest" time="0.002"/>
  <testcase name="testGetInboxIdCount7" classname="org.egov.wf.repository.querybuilder.WorkflowQueryBuilderTest" time="0.002"/>
  <testcase name="testGetProcessInstanceSearchQueryById2" classname="org.egov.wf.repository.querybuilder.WorkflowQueryBuilderTest" time="0.001"/>
  <testcase name="testGetProcessInstanceSearchQueryById3" classname="org.egov.wf.repository.querybuilder.WorkflowQueryBuilderTest" time="0.0"/>
  <testcase name="testGetProcessInstanceSearchQueryById4" classname="org.egov.wf.repository.querybuilder.WorkflowQueryBuilderTest" time="0.0"/>
  <testcase name="testGetInboxIdQuery3" classname="org.egov.wf.repository.querybuilder.WorkflowQueryBuilderTest" time="0.0"/>
  <testcase name="testGetInboxIdQuery4" classname="org.egov.wf.repository.querybuilder.WorkflowQueryBuilderTest" time="0.0"/>
  <testcase name="testGetInboxIdQuery6" classname="org.egov.wf.repository.querybuilder.WorkflowQueryBuilderTest" time="0.003"/>
  <testcase name="testGetInboxIdQuery7" classname="org.egov.wf.repository.querybuilder.WorkflowQueryBuilderTest" time="0.003"/>
  <testcase name="testGetInboxIdQuery8" classname="org.egov.wf.repository.querybuilder.WorkflowQueryBuilderTest" time="0.003"/>
  <testcase name="testGetInboxIdQuery9" classname="org.egov.wf.repository.querybuilder.WorkflowQueryBuilderTest" time="0.002"/>
  <testcase name="testGetInboxIdQuery10" classname="org.egov.wf.repository.querybuilder.WorkflowQueryBuilderTest" time="0.002"/>
  <testcase name="testGetInboxIdQuery11" classname="org.egov.wf.repository.querybuilder.WorkflowQueryBuilderTest" time="0.003"/>
  <testcase name="testGetInboxIdQuery12" classname="org.egov.wf.repository.querybuilder.WorkflowQueryBuilderTest" time="0.003"/>
  <testcase name="testGetInboxIdQuery13" classname="org.egov.wf.repository.querybuilder.WorkflowQueryBuilderTest" time="0.003"/>
  <testcase name="testGetInboxIdQuery14" classname="org.egov.wf.repository.querybuilder.WorkflowQueryBuilderTest" time="0.002"/>
  <testcase name="testGetInboxIdQuery15" classname="org.egov.wf.repository.querybuilder.WorkflowQueryBuilderTest" time="0.003"/>
  <testcase name="testGetInboxIdQuery17" classname="org.egov.wf.repository.querybuilder.WorkflowQueryBuilderTest" time="0.002"/>
  <testcase name="testGetInboxIdQuery19" classname="org.egov.wf.repository.querybuilder.WorkflowQueryBuilderTest" time="0.003"/>
  <testcase name="testGetAutoEscalatedApplicationsRankedQuery2" classname="org.egov.wf.repository.querybuilder.WorkflowQueryBuilderTest" time="0.0"/>
  <testcase name="testGetAutoEscalatedApplicationsRankedQuery3" classname="org.egov.wf.repository.querybuilder.WorkflowQueryBuilderTest" time="0.002"/>
  <testcase name="testGetAutoEscalatedApplicationsRankedQuery4" classname="org.egov.wf.repository.querybuilder.WorkflowQueryBuilderTest" time="0.002"/>
  <testcase name="testGetAutoEscalatedApplicationsRankedQuery5" classname="org.egov.wf.repository.querybuilder.WorkflowQueryBuilderTest" time="0.002"/>
  <testcase name="testGetProcessInstanceCount2" classname="org.egov.wf.repository.querybuilder.WorkflowQueryBuilderTest" time="0.001"/>
  <testcase name="testGetProcessInstanceCount3" classname="org.egov.wf.repository.querybuilder.WorkflowQueryBuilderTest" time="0.002"/>
  <testcase name="testGetProcessInstanceCount4" classname="org.egov.wf.repository.querybuilder.WorkflowQueryBuilderTest" time="0.002"/>
  <testcase name="testGetProcessInstanceCount5" classname="org.egov.wf.repository.querybuilder.WorkflowQueryBuilderTest" time="0.002"/>
  <testcase name="testGetProcessInstanceCount6" classname="org.egov.wf.repository.querybuilder.WorkflowQueryBuilderTest" time="0.006"/>
  <testcase name="testGetProcessInstanceCount7" classname="org.egov.wf.repository.querybuilder.WorkflowQueryBuilderTest" time="0.003"/>
  <testcase name="testGetProcessInstanceCount8" classname="org.egov.wf.repository.querybuilder.WorkflowQueryBuilderTest" time="0.002"/>
  <testcase name="testGetProcessInstanceCount9" classname="org.egov.wf.repository.querybuilder.WorkflowQueryBuilderTest" time="0.002"/>
  <testcase name="testGetAutoEscalatedApplicationsBusinessIdsQuery" classname="org.egov.wf.repository.querybuilder.WorkflowQueryBuilderTest" time="0.0"/>
  <testcase name="testGetProcessInstanceIds4" classname="org.egov.wf.repository.querybuilder.WorkflowQueryBuilderTest" time="0.0"/>
  <testcase name="testGetProcessInstanceIds6" classname="org.egov.wf.repository.querybuilder.WorkflowQueryBuilderTest" time="0.002"/>
  <testcase name="testGetProcessInstanceIds7" classname="org.egov.wf.repository.querybuilder.WorkflowQueryBuilderTest" time="0.002"/>
  <testcase name="testGetProcessInstanceIds9" classname="org.egov.wf.repository.querybuilder.WorkflowQueryBuilderTest" time="0.002"/>
  <testcase name="testGetProcessInstanceIds" classname="org.egov.wf.repository.querybuilder.WorkflowQueryBuilderTest" time="0.0"/>
  <testcase name="testGetProcessInstanceSearchQueryById" classname="org.egov.wf.repository.querybuilder.WorkflowQueryBuilderTest" time="0.0"/>
  <testcase name="testGetInboxApplicationsBusinessIdsQuery" classname="org.egov.wf.repository.querybuilder.WorkflowQueryBuilderTest" time="0.001"/>
  <testcase name="testGetInboxApplicationsBusinessIdsQuery2" classname="org.egov.wf.repository.querybuilder.WorkflowQueryBuilderTest" time="0.0"/>
  <testcase name="testGetInboxApplicationsBusinessIdsQuery3" classname="org.egov.wf.repository.querybuilder.WorkflowQueryBuilderTest" time="0.002"/>
  <testcase name="testGetProcessInstanceCount10" classname="org.egov.wf.repository.querybuilder.WorkflowQueryBuilderTest" time="0.002"/>
  <testcase name="testGetProcessInstanceCount11" classname="org.egov.wf.repository.querybuilder.WorkflowQueryBuilderTest" time="0.003"/>
  <testcase name="testGetProcessInstanceCount12" classname="org.egov.wf.repository.querybuilder.WorkflowQueryBuilderTest" time="0.002"/>
  <testcase name="testGetProcessInstanceCount13" classname="org.egov.wf.repository.querybuilder.WorkflowQueryBuilderTest" time="0.002"/>
  <testcase name="testGetAutoEscalatedApplicationsBusinessIdsQuery2" classname="org.egov.wf.repository.querybuilder.WorkflowQueryBuilderTest" time="0.001"/>
  <testcase name="testGetAutoEscalatedApplicationsBusinessIdsQuery3" classname="org.egov.wf.repository.querybuilder.WorkflowQueryBuilderTest" time="0.001"/>
  <testcase name="testGetAutoEscalatedApplicationsBusinessIdsQuery4" classname="org.egov.wf.repository.querybuilder.WorkflowQueryBuilderTest" time="0.002"/>
  <testcase name="testGetAutoEscalatedApplicationsBusinessIdsQuery5" classname="org.egov.wf.repository.querybuilder.WorkflowQueryBuilderTest" time="0.002"/>
</testsuite>